APPLICATION	Car_Generic <insert.your.version.no> #37 (linux64-9.0)
COMPILED	felix@hilsim-poweredge-t630 2020-10-29 10:18:36
 
FIRST_INIT	(internal default used)	2020-11-10 10:03:10
TIME	0.000
SIM_END			0s	0m
IDLE	10:03:10
SIM_START	CameraCalibration	2020-11-10 10:03:13
TIME	0.000
SIMULATE	CameraCalibration

SIM_END		CameraCalibration	0.1s	1.51344e-07m
TIME	14.501
SIM_START	CameraCalibration	2020-11-10 10:05:38
TIME	0.000
SIMULATE	CameraCalibration

SIM_END		CameraCalibration	0.1s	1.51344e-07m
TIME	3.139
SIM_START	CameraCalibration	2020-11-10 10:06:11
TIME	0.000
SIMULATE	CameraCalibration

SIM_END		CameraCalibration	0.1s	8.74974e-08m
TIME	12.296
SIM_START	CameraCalibration	2020-11-10 10:08:15
TIME	0.000
SIMULATE	CameraCalibration

SIM_END		CameraCalibration	0.1s	8.74974e-08m
TIME	7.293
SIM_START	CameraCalibration	2020-11-10 10:09:30
TIME	0.000
SIMULATE	CameraCalibration

SIM_END		CameraCalibration	0.1s	1.51344e-07m
TIME	14.847
SIM_START	CameraCalibration	2020-11-10 10:11:59
TIME	0.000
SIMULATE	CameraCalibration

SIM_END		CameraCalibration	0.1s	1.51344e-07m
SIM_START	CameraCalibration	2020-11-10 10:12:14
TIME	0.000
SIMULATE	CameraCalibration

SIM_END		CameraCalibration	0.1s	1.51344e-07m
TIME	6.533
SIM_START	CameraCalibration	2020-11-10 10:13:21
TIME	0.000
SIMULATE	CameraCalibration

SIM_END		CameraCalibration	0.1s	8.74974e-08m
SIM_START	CameraCalibration	2020-11-10 10:13:30
TIME	0.000
SIMULATE	CameraCalibration

SIM_END		CameraCalibration	0.1s	8.74974e-08m
TIME	2.364
SIM_START	CameraCalibration	2020-11-10 10:13:55
TIME	0.000
SIMULATE	CameraCalibration

SIM_END		CameraCalibration	0.1s	8.74974e-08m
SIM_START	CameraCalibration	2020-11-10 10:14:01
TIME	0.000
SIMULATE	CameraCalibration

SIM_END		CameraCalibration	0.1s	8.74974e-08m
SIM_START	CameraCalibration	2020-11-10 10:14:20
TIME	0.000
SIMULATE	CameraCalibration

SIM_END		CameraCalibration	0.1s	8.74974e-08m
TIME	4.673
SIM_START	CameraCalibration	2020-11-10 10:15:08
TIME	0.000
SIMULATE	CameraCalibration

SIM_END		CameraCalibration	0.1s	8.74974e-08m
SIM_START	CameraCalibration	2020-11-10 10:15:17
TIME	0.000
SIMULATE	CameraCalibration

SIM_END		CameraCalibration	0.1s	8.74974e-08m
TIME	2.672
SIM_START	CameraCalibration	2020-11-10 10:15:45
TIME	0.000
SIMULATE	CameraCalibration

SIM_END		CameraCalibration	0.1s	8.74974e-08m
SIM_START	CameraCalibration	2020-11-10 10:15:58
TIME	0.000
SIMULATE	CameraCalibration

SIM_END		CameraCalibration	0.1s	8.74974e-08m
TIME	5.943
SIM_START	CameraCalibration	2020-11-10 10:16:58
TIME	0.000
SIMULATE	CameraCalibration

SIM_END		CameraCalibration	0.1s	8.74974e-08m
SIM_START	CameraCalibration	2020-11-10 10:17:09
TIME	0.000
SIMULATE	CameraCalibration

SIM_END		CameraCalibration	0.1s	8.74974e-08m
TIME	11.417
SIM_START	CameraCalibration	2020-11-10 10:19:04
TIME	0.000
SIMULATE	CameraCalibration

SIM_END		CameraCalibration	0.1s	8.74974e-08m
SIM_START	CameraCalibration	2020-11-10 10:19:16
TIME	0.000
SIMULATE	CameraCalibration

SIM_END		CameraCalibration	0.1s	8.74974e-08m
TIME	21.875
SIM_START	CameraCalibration	2020-11-10 10:22:56
TIME	0.000
SIMULATE	CameraCalibration

SIM_END		CameraCalibration	0.1s	8.74974e-08m
SIM_START	CameraCalibration	2020-11-10 10:23:09
TIME	0.000
SIMULATE	CameraCalibration

SIM_END		CameraCalibration	0.1s	8.74974e-08m
TIME	5.153
SIM_START	CameraCalibration	2020-11-10 10:24:02
TIME	0.000
SIMULATE	CameraCalibration

SIM_END		CameraCalibration	0.1s	8.74974e-08m
SIM_START	CameraCalibration	2020-11-10 10:24:17
TIME	0.000
SIMULATE	CameraCalibration

SIM_END		CameraCalibration	0.1s	8.74974e-08m
TIME	3.507
SIM_START	CameraCalibration	2020-11-10 10:24:53
TIME	0.000
SIMULATE	CameraCalibration

SIM_END		CameraCalibration	0.1s	8.74974e-08m
SIM_START	CameraCalibration	2020-11-10 10:25:03
TIME	0.000
SIMULATE	CameraCalibration

SIM_END		CameraCalibration	0.1s	8.74974e-08m
TIME	6.021
SIM_START	CameraCalibration	2020-11-10 10:26:04
TIME	0.000
SIMULATE	CameraCalibration

SIM_END		CameraCalibration	0.1s	8.74974e-08m
SIM_START	CameraCalibration	2020-11-10 10:26:15
TIME	0.000
SIMULATE	CameraCalibration

SIM_END		CameraCalibration	0.1s	8.74974e-08m
TIME	5.159
SIM_START	CameraCalibration	2020-11-10 10:27:08
TIME	0.000
SIMULATE	CameraCalibration

SIM_END		CameraCalibration	0.1s	8.74974e-08m
SIM_START	CameraCalibration	2020-11-10 10:27:19
TIME	0.000
SIMULATE	CameraCalibration

SIM_END		CameraCalibration	0.1s	8.74974e-08m
TIME	3.529
SIM_START	CameraCalibration	2020-11-10 10:27:55
TIME	0.000
SIMULATE	CameraCalibration

SIM_END		CameraCalibration	0.1s	8.74974e-08m
SIM_START	CameraCalibration	2020-11-10 10:28:03
TIME	0.000
SIMULATE	CameraCalibration

SIM_END		CameraCalibration	0.1s	8.74974e-08m
SIM_START	CameraCalibration	2020-11-10 10:28:15
TIME	0.000
SIMULATE	CameraCalibration

SIM_END		CameraCalibration	0.1s	8.74974e-08m
TIME	8.829
SIM_START	CameraCalibration	2020-11-10 10:29:45
TIME	0.000
SIMULATE	CameraCalibration

SIM_END		CameraCalibration	0.1s	8.74974e-08m
SIM_START	CameraCalibration	2020-11-10 10:29:57
TIME	0.000
SIMULATE	CameraCalibration

SIM_END		CameraCalibration	0.1s	8.74974e-08m
TIME	4.765
SIM_START	CameraCalibration	2020-11-10 10:30:46
TIME	0.000
SIMULATE	CameraCalibration

SIM_END		CameraCalibration	0.1s	8.74974e-08m
SIM_START	CameraCalibration	2020-11-10 10:30:57
TIME	0.000
SIMULATE	CameraCalibration

SIM_END		CameraCalibration	0.1s	8.74974e-08m
TIME	5.029
SIM_START	CameraCalibration	2020-11-10 10:31:48
TIME	0.000
SIMULATE	CameraCalibration

SIM_END		CameraCalibration	0.1s	8.74974e-08m
SIM_START	CameraCalibration	2020-11-10 10:31:59
TIME	0.000
SIMULATE	CameraCalibration

SIM_END		CameraCalibration	0.1s	8.74974e-08m
TIME	342.051
SIM_START	CameraCalibration	2020-11-10 11:29:01
TIME	0.000
SIMULATE	CameraCalibration

SIM_END		CameraCalibration	0.1s	8.74974e-08m
SIM_START	CameraCalibration	2020-11-10 11:29:15
TIME	0.000
SIMULATE	CameraCalibration

SIM_END		CameraCalibration	0.1s	8.74974e-08m
TIME	6.417
SIM_START	CameraCalibration	2020-11-10 11:30:20
TIME	0.000
SIMULATE	CameraCalibration

SIM_END		CameraCalibration	0.1s	8.74974e-08m
TIME	11.213
SIM_START	CameraCalibration	2020-11-10 11:32:14
TIME	0.000
SIMULATE	CameraCalibration

SIM_END		CameraCalibration	0.1s	8.74974e-08m
SIM_START	CameraCalibration	2020-11-10 11:32:27
TIME	0.000
SIMULATE	CameraCalibration

SIM_END		CameraCalibration	0.1s	8.74974e-08m
SIM_START	CameraCalibration	2020-11-10 11:32:37
TIME	0.000
SIMULATE	CameraCalibration

SIM_END		CameraCalibration	0.1s	8.74974e-08m
SIM_START	CameraCalibration	2020-11-10 11:32:46
TIME	0.000
SIMULATE	CameraCalibration

SIM_END		CameraCalibration	0.1s	8.74974e-08m
TIME	5.935
SIM_START	CameraCalibration	2020-11-10 11:33:46
TIME	0.000
SIMULATE	CameraCalibration

SIM_END		CameraCalibration	0.1s	8.74974e-08m
SIM_START	CameraCalibration	2020-11-10 11:33:57
TIME	0.000
SIMULATE	CameraCalibration

SIM_END		CameraCalibration	0.1s	8.74974e-08m
TIME	7.091
SIM_START	CameraCalibration	2020-11-10 11:35:10
TIME	0.000
SIMULATE	CameraCalibration

SIM_END		CameraCalibration	0.1s	8.74974e-08m
SIM_START	CameraCalibration	2020-11-10 11:35:21
TIME	0.000
SIMULATE	CameraCalibration

SIM_END		CameraCalibration	0.1s	8.74974e-08m
TIME	5.083
SIM_START	CameraCalibration	2020-11-10 11:36:12
TIME	0.000
SIMULATE	CameraCalibration

SIM_END		CameraCalibration	0.1s	8.74974e-08m
SIM_START	CameraCalibration	2020-11-10 11:36:22
TIME	0.000
SIMULATE	CameraCalibration

SIM_END		CameraCalibration	0.1s	8.74974e-08m
TIME	5.001
SIM_START	CameraCalibration	2020-11-10 11:37:13
TIME	0.000
SIMULATE	CameraCalibration

SIM_END		CameraCalibration	0.1s	8.74974e-08m
SIM_START	CameraCalibration	2020-11-10 11:37:28
TIME	0.000
SIMULATE	CameraCalibration

SIM_END		CameraCalibration	0.1s	8.74974e-08m
