APPLICATION	Car_Generic <insert.your.version.no> #37 (linux64-9.0)
COMPILED	felix@hilsim-poweredge-t630 2020-10-29 10:18:36
 
FIRST_INIT	(internal default used)	2020-11-02 11:36:23
TIME	0.000
SIM_END			0s	0m
IDLE	11:36:24
SIM_START	CameraCalibration	2020-11-02 11:36:26
TIME	0.000
SIMULATE	CameraCalibration

SIM_END		CameraCalibration	1.306s	0.000297592m
TIME	2.403
SIM_START	CameraCalibration	2020-11-02 11:36:39
TIME	0.000
SIMULATE	CameraCalibration

SIM_END		CameraCalibration	1.235s	0.000121814m
SIM_START	CameraCalibration	2020-11-02 11:36:45
TIME	0.000
SIMULATE	CameraCalibration

SIM_END		CameraCalibration	1.248s	0.000123517m
TIME	19.503
SIM_START	CameraCalibration	2020-11-02 11:39:50
TIME	0.000
SIMULATE	CameraCalibration

SIM_END		CameraCalibration	0.742s	5.56611e-05m
TIME	13.881
SIM_START	CameraCalibration	2020-11-02 11:42:05
TIME	0.000
SIMULATE	CameraCalibration

TIME	8.133
SIM_END		CameraCalibration	8.13s	56.524m
TIME	10.949
SIM_START	CameraCalibration	2020-11-02 11:42:43
TIME	0.000
SIMULATE	CameraCalibration

SIM_END		CameraCalibration	0.002s	1.46318e-10m
TIME	26.910
SIM_START	CameraCalibration	2020-11-02 11:47:14
TIME	0.000
SIMULATE	CameraCalibration

SIM_END		CameraCalibration	0.002s	1.46318e-10m
TIME	25.358
SIM_START	CameraCalibration	2020-11-02 11:51:30
TIME	0.000
SIMULATE	CameraCalibration

SIM_END		CameraCalibration	0.002s	1.46318e-10m
TIME	3.156
SIM_START	CameraCalibration	2020-11-02 11:52:03
TIME	0.000
SIMULATE	CameraCalibration

SIM_END		CameraCalibration	0.002s	1.46318e-10m
TIME	3.332
SIM_START	CameraCalibration	2020-11-02 11:52:38
TIME	0.000
SIMULATE	CameraCalibration

SIM_END		CameraCalibration	0.002s	1.46318e-10m
TIME	47.762
SIM_START	CameraCalibration	2020-11-02 12:00:38
TIME	0.000
SIMULATE	CameraCalibration

SIM_END		CameraCalibration	0.002s	1.46318e-10m
TIME	5.142
SIM_START	CameraCalibration	2020-11-02 12:01:32
TIME	0.000
SIMULATE	CameraCalibration

SIM_END		CameraCalibration	0.002s	1.46318e-10m
TIME	15.336
SIM_START	CameraCalibration	2020-11-02 12:04:07
TIME	0.000
SIMULATE	CameraCalibration

TIME	2.003
SIM_END		CameraCalibration	2s	5.64544e-06m
TIME	6.631
SIM_START	CameraCalibration	2020-11-02 12:04:59
TIME	0.000
SIMULATE	CameraCalibration

TIME	2.003
SIM_END		CameraCalibration	2s	5.64544e-06m
TIME	43.711
SIM_START	CameraCalibration	2020-11-02 12:12:02
TIME	0.000
SIMULATE	CameraCalibration

SIM_END		CameraCalibration	0.944s	4.37181e-06m
TIME	119.805
SIM_START	CameraCalibration	2020-11-02 12:31:54
TIME	0.000
SIMULATE	CameraCalibration

SIM_END		CameraCalibration	1.471s	4.83535e-06m
TIME	4.148
SIM_START	CameraCalibration	2020-11-02 12:32:25
TIME	0.000
SIMULATE	CameraCalibration

SIM_END		CameraCalibration	1.342s	4.70887e-06m
TIME	71.851
SIM_START	CameraCalibration	2020-11-02 12:44:14
TIME	0.000
SIMULATE	CameraCalibration

SIM_END		CameraCalibration	1.142s	4.52993e-06m
TIME	5.819
SIM_START	CameraCalibration	2020-11-02 12:45:05
TIME	0.000
SIMULATE	CameraCalibration

SIM_END		CameraCalibration	1.185s	4.5663e-06m
TIME	5.440
SIM_START	CameraCalibration	2020-11-02 12:45:51
TIME	0.000
SIMULATE	CameraCalibration

SIM_END		CameraCalibration	0.459s	3.57896e-06m
TIME	71.312
SIM_START	CameraCalibration	2020-11-02 12:57:42
TIME	0.000
SIMULATE	CameraCalibration

SIM_END		CameraCalibration	0.948s	4.37535e-06m
TIME	2.937
SIM_START	CameraCalibration	2020-11-02 12:58:07
TIME	0.000
SIMULATE	CameraCalibration

TIME	2.003
SIM_END		CameraCalibration	2s	5.64544e-06m
SIM_START	CameraCalibration	2020-11-02 12:58:29
TIME	0.000
SIMULATE	CameraCalibration

SIM_END		CameraCalibration	1.031s	4.44159e-06m
TIME	4.488
SIM_START	CameraCalibration	2020-11-02 12:59:08
TIME	0.000
SIMULATE	CameraCalibration

SIM_END		CameraCalibration	0.361s	2.82685e-06m
TIME	5.474
SIM_START	CameraCalibration	2020-11-02 13:00:01
TIME	0.000
SIMULATE	CameraCalibration

SIM_END		CameraCalibration	0.801s	4.19685e-06m
SIM_START	CameraCalibration	2020-11-02 13:00:13
TIME	0.000
SIMULATE	CameraCalibration

SIM_END		CameraCalibration	0.361s	2.82685e-06m
TIME	5.273
SIM_START	CameraCalibration	2020-11-02 13:01:05
TIME	0.000
SIMULATE	CameraCalibration

SIM_END		CameraCalibration	0.562s	3.84911e-06m
TIME	3.361
SIM_START	CameraCalibration	2020-11-02 13:01:36
TIME	0.000
SIMULATE	CameraCalibration

SIM_END		CameraCalibration	0.371s	2.92897e-06m
TIME	3.962
SIM_START	CameraCalibration	2020-11-02 13:02:14
TIME	0.000
SIMULATE	CameraCalibration

SIM_END		CameraCalibration	0.571s	3.85391e-06m
SIM_START	CameraCalibration	2020-11-02 13:02:28
TIME	0.000
SIMULATE	CameraCalibration

SIM_END		CameraCalibration	0.517s	3.78583e-06m
TIME	8.554
SIM_START	CameraCalibration	2020-11-02 13:03:51
TIME	0.000
SIMULATE	CameraCalibration

TIME	2.003
SIM_END		CameraCalibration	2s	5.64544e-06m
TIME	13.209
SIM_START	CameraCalibration	2020-11-02 13:05:48
TIME	0.000
SIMULATE	CameraCalibration

SIM_END		CameraCalibration	0.95s	4.3771e-06m
