APPLICATION	Car_Generic <insert.your.version.no> #39 (linux64-9.0)
COMPILED	felix@hilsim-poweredge-t630 2020-11-11 14:23:06
 
FIRST_INIT	(internal default used)	2020-11-11 15:34:37
TIME	0.000
SIM_END			0s	0m
IDLE	15:34:38
SIM_START	Dataset_left_lane1	2020-11-11 15:34:41
TIME	0.000
SIMULATE	Dataset_left_lane1

TIME	3.320
SIM_END		Dataset_left_lane1	3.317s	122.931m
SIM_START	Dataset_left_lane1	2020-11-11 15:34:57
TIME	0.000
SIMULATE	Dataset_left_lane1

TIME	3.782
SIM_END		Dataset_left_lane1	3.777s	137.327m
TIME	8.450
SIM_START	Dataset_left_lane1	2020-11-11 15:35:50
TIME	0.000
SIMULATE	Dataset_left_lane1

TIME	17.568
SIM_END		Dataset_left_lane1	17.563s	471.887m
TIME	27.498
SIM_START	Dataset_left_lane1	2020-11-11 15:37:49
TIME	0.000
SIMULATE	Dataset_left_lane1

TIME	13.187
SIM_END		Dataset_left_lane1	13.182s	366.705m
TIME	27.015
SIM_START	Dataset_left_lane1	2020-11-11 15:40:23
TIME	0.000
SIMULATE	Dataset_left_lane1

TIME	9.402
SIM_END		Dataset_left_lane1	9.399s	326.31m
TIME	19.084
SIM_START	Dataset_left_lane1	2020-11-11 15:42:12
TIME	0.000
SIMULATE	Dataset_left_lane1

TIME	2.368
SIM_END		Dataset_left_lane1	2.365s	84.5526m
SIM_START	Dataset_left_lane1	2020-11-11 15:42:24
TIME	0.000
SIMULATE	Dataset_left_lane1

TIME	7.720
SIM_END		Dataset_left_lane1	7.717s	269.787m
SIM_START	Dataset_left_lane1	2020-11-11 15:42:43
TIME	0.000
SIMULATE	Dataset_left_lane1

TIME	10.901
SIM_END		Dataset_left_lane1	10.898s	376.024m
SIM_START	Dataset_left_lane1	2020-11-11 15:43:02
TIME	0.000
SIMULATE	Dataset_left_lane1

TIME	14.635
SIM_END		Dataset_left_lane1	14.632s	495.777m
TIME	16.699
SIM_START	Dataset_left_lane1	2020-11-11 15:43:40
TIME	0.000
SIMULATE	Dataset_left_lane1

TIME	9.859
SIM_END		Dataset_left_lane1	9.856s	341.533m
SIM_START	Dataset_left_lane1	2020-11-11 15:44:09
TIME	0.000
SIMULATE	Dataset_left_lane1

TIME	11.121
SIM_END		Dataset_left_lane1	11.118s	383.269m
SIM_START	Dataset_left_lane1	2020-11-11 15:44:30
TIME	0.000
SIMULATE	Dataset_left_lane1

TIME	3.847
SIM_END		Dataset_left_lane1	3.844s	136.576m
SIM_START	Dataset_left_lane1	2020-11-11 15:44:48
TIME	0.000
SIMULATE	Dataset_left_lane1

TIME	5.123
SIM_END		Dataset_left_lane1	5.12s	180.942m
SIM_START	Dataset_left_lane1	2020-11-11 15:45:09
TIME	0.000
SIMULATE	Dataset_left_lane1

TIME	3.098
SIM_END		Dataset_left_lane1	3.095s	110.311m
TIME	12.328
SIM_START	Dataset_left_lane1	2020-11-11 15:46:47
TIME	0.000
SIMULATE	Dataset_left_lane1

TIME	5.513
SIM_END		Dataset_left_lane1	5.51s	194.408m
SIM_START	Dataset_left_lane1	2020-11-11 15:47:15
TIME	0.000
SIMULATE	Dataset_left_lane1

TIME	8.192
SIM_END		Dataset_left_lane1	8.187s	285.661m
TIME	10.266
SIM_START	Dataset_left_lane1	2020-11-11 15:47:46
TIME	0.000
SIMULATE	Dataset_left_lane1

TIME	5.397
SIM_END		Dataset_left_lane1	5.394s	190.407m
SIM_START	Dataset_left_lane1	2020-11-11 15:48:03
TIME	0.000
SIMULATE	Dataset_left_lane1

TIME	11.981
SIM_END		Dataset_left_lane1	11.977s	411.429m
SIM_START	Dataset_left_lane1	2020-11-11 15:48:32
TIME	0.000
SIMULATE	Dataset_left_lane1

TIME	11.731
SIM_END		Dataset_left_lane1	11.728s	418.974m
SIM_START	Dataset_left_lane1	2020-11-11 15:48:56
TIME	0.000
SIMULATE	Dataset_left_lane1

TIME	11.884
SIM_END		Dataset_left_lane1	11.881s	432.421m
TIME	14.920
SIM_START	Dataset_left_lane1	2020-11-11 15:49:41
TIME	0.000
SIMULATE	Dataset_left_lane1

TIME	12.962
SIM_END		Dataset_left_lane1	12.959s	467.045m
SIM_START	Dataset_left_lane1	2020-11-11 15:50:10
TIME	0.000
SIMULATE	Dataset_left_lane1

TIME	9.319
SIM_END		Dataset_left_lane1	9.316s	335.496m
TIME	39.017
SIM_START	Dataset_left_lane2	2020-11-11 15:55:19
TIME	0.000
SIMULATE	Dataset_left_lane2

TIME	11.583
SIM_END		Dataset_left_lane2	11.58s	417.254m
TIME	132.715
SIM_START	Dataset_middle_lane2	2020-11-11 16:15:53
TIME	0.000
SIMULATE	Dataset_middle_lane2

TIME	2.425
SIM_END		Dataset_middle_lane2	2.422s	75.4744m
SIM_START	Dataset_middle_lane2	2020-11-11 16:16:06
TIME	0.000
SIMULATE	Dataset_middle_lane2

TIME	3.885
SIM_END		Dataset_middle_lane2	3.882s	113.723m
TIME	66.995
SIM_START	Dataset_left_lane2	2020-11-11 16:26:49
TIME	0.000
SIMULATE	Dataset_left_lane2

TIME	4.257
SIM_END		Dataset_left_lane2	4.252s	152.546m
SIM_START	Dataset_left_lane2	2020-11-11 16:27:14
TIME	0.000
SIMULATE	Dataset_left_lane2

TIME	10.080
SIM_END		Dataset_left_lane2	10.077s	367.306m
SIM_START	Dataset_left_lane2	2020-11-11 16:27:40
TIME	0.000
SIMULATE	Dataset_left_lane2

TIME	8.995
SIM_END		Dataset_left_lane2	8.992s	348.743m
SIM_START	Dataset_left_lane2	2020-11-11 16:28:20
TIME	0.000
SIMULATE	Dataset_left_lane2

TIME	10.924
SIM_END		Dataset_left_lane2	10.921s	438.863m
TIME	13.084
SIM_START	Dataset_left_lane3	2020-11-11 16:29:06
TIME	0.000
SIMULATE	Dataset_left_lane3

TIME	10.964
SIM_END		Dataset_left_lane3	10.961s	440.474m
TIME	82.456
SIM_START	Dataset_left_lane3	2020-11-11 16:41:26
TIME	0.220
ERROR		Camera Sensor: OSMesa making context current failed!
ERROR		Caught signal SIGSEGV (11)
WARNING	Simulation program terminates
		Connection to GUI lost, initiate shutdown
SHUTDOWN	Automatic CarMaker shutdown initiated

ERROR		Caught signal SIGSEGV (11)
WARNING	Simulation program terminates
