APPLICATION	Car_Generic <insert.your.version.no> #37 (linux64-9.0)
COMPILED	felix@hilsim-poweredge-t630 2020-10-29 10:18:36
 
FIRST_INIT	(internal default used)	2020-10-31 14:47:08
TIME	0.000
SIM_END			0s	0m
IDLE	14:47:08
SIM_START	Dataset_left_lane2	2020-10-31 14:47:11
TIME	0.000
SIMULATE	Dataset_left_lane2

TIME	3.615
SIM_END		Dataset_left_lane2	3.61s	82.613m
TIME	10.015
SIM_START	Dataset_left_lane2	2020-10-31 14:48:20
TIME	0.000
SIMULATE	Dataset_left_lane2

TIME	2.506
SIM_END		Dataset_left_lane2	2.503s	66.0915m
TIME	4.902
SIM_START	Dataset_left_lane2	2020-10-31 14:48:47
TIME	0.000
SIMULATE	Dataset_left_lane2

TIME	7.330
SIM_END		Dataset_left_lane2	7.327s	109.88m
TIME	12141.778
SIM_START	unknown	2020-11-02 11:34:54
TIME	0.000
SIMULATE	unknown

TIME	3.199
SIM_END		unknown	3.196s	4.5698m
TIME	7.914
SHUTDOWN	CarMaker quick shutdown initiated

