APPLICATION	Car_Generic <insert.your.version.no> #39 (linux64-9.0)
COMPILED	felix@hilsim-poweredge-t630 2020-11-11 14:23:06
 
FIRST_INIT	(internal default used)	2020-11-11 14:23:45
TIME	0.000
SIM_END			0s	0m
IDLE	14:23:46
SIM_START	Dataset_left_lane1	2020-11-11 14:23:49
TIME	0.000
SIMULATE	Dataset_left_lane1

SIM_END		Dataset_left_lane1	0.858s	33.8313m
TIME	4.075
SIM_START	Dataset_left_lane1	2020-11-11 14:24:23
TIME	0.000
SIMULATE	Dataset_left_lane1

SIM_END		Dataset_left_lane1	0.711s	28.4123m
TIME	67.262
SIM_START	Dataset_left_lane1	2020-11-11 14:35:32
TIME	0.000
SIMULATE	Dataset_left_lane1

TIME	17.102
SIM_END		Dataset_left_lane1	17.099s	495.784m
TIME	35.094
SIM_START	Dataset_left_lane1	2020-11-11 14:39:05
TIME	0.020
ERROR		AccelCtrl.ACC: no ObjectSensor found with the name 'RadarL'
