APPLICATION	Car_Generic <insert.your.version.no> #37 (linux64-9.0)
COMPILED	felix@hilsim-poweredge-t630 2020-10-29 10:18:36
 
FIRST_INIT	(internal default used)	2020-10-29 10:40:55
TIME	0.000
SIM_END			0s	0m
IDLE	10:40:56
SIM_START	Examples/BasicFunctions/Driver/BackAndForth	2020-10-29 10:40:56
TIME	0.000
SIMULATE	Examples/BasicFunctions/Driver/BackAndForth

TIME	7.227
SIM_END		Examples/BasicFunctions/Driver/BackAndForth	7.224s	42.8129m
TIME	12.355
SIM_START	Dataset_left_lane1	2020-10-29 10:41:55
TIME	0.000
SIMULATE	Dataset_left_lane1

TIME	7.144
SIM_END		Dataset_left_lane1	7.141s	193.246m
TIME	20.284
SIM_START	Dataset_left_lane1	2020-10-29 10:44:15
TIME	0.000
SIMULATE	Dataset_left_lane1

TIME	3.758
SIM_END		Dataset_left_lane1	3.755s	111.4m
