APPLICATION	Car_Generic <insert.your.version.no> #37 (linux64-9.0)
COMPILED	felix@hilsim-poweredge-t630 2020-10-29 10:18:36
 
FIRST_INIT	(internal default used)	2020-11-03 10:35:31
TIME	0.000
SIM_END			0s	0m
IDLE	10:35:32
SIM_START	CameraCalibration	2020-11-03 10:35:34
TIME	0.000
SIMULATE	CameraCalibration

TIME	2.536
SIM_END		CameraCalibration	2.533s	1.78168m
SIM_START	CameraCalibration	2020-11-03 10:35:48
TIME	0.000
SIMULATE	CameraCalibration

SIM_END		CameraCalibration	0.649s	3.5253e-05m
TIME	31.670
SIM_START	CameraCalibration	2020-11-03 10:41:00
TIME	0.000
SIMULATE	CameraCalibration

TIME	3.871
SIM_END		CameraCalibration	3.868s	8.67143m
TIME	6.245
SIM_START	CameraCalibration	2020-11-03 10:41:30
TIME	0.000
SIMULATE	CameraCalibration

SIM_END		CameraCalibration	0.1s	8.74974e-08m
TIME	9.689
SIM_START	CameraCalibration	2020-11-03 10:43:08
TIME	0.000
SIMULATE	CameraCalibration

SIM_END		CameraCalibration	0.1s	8.74974e-08m
TIME	3.177
SIM_START	CameraCalibration	2020-11-03 10:43:41
TIME	0.000
SIMULATE	CameraCalibration

SIM_END		CameraCalibration	0.1s	8.74974e-08m
TIME	6.747
SIM_START	CameraCalibration	2020-11-03 10:44:49
TIME	0.000
SIMULATE	CameraCalibration

SIM_END		CameraCalibration	0.1s	8.74974e-08m
TIME	7.239
SIM_START	CameraCalibration	2020-11-03 10:46:02
TIME	0.000
SIMULATE	CameraCalibration

SIM_END		CameraCalibration	0.1s	8.74974e-08m
SIM_START	CameraCalibration	2020-11-03 10:46:23
TIME	0.000
SIMULATE	CameraCalibration

SIM_END		CameraCalibration	0.1s	8.74974e-08m
TIME	9.715
SIM_START	CameraCalibration	2020-11-03 10:48:02
TIME	0.000
SIMULATE	CameraCalibration

SIM_END		CameraCalibration	0.1s	8.74974e-08m
TIME	2.101
SIM_START	CameraCalibration	2020-11-03 10:48:24
TIME	0.000
SIMULATE	CameraCalibration

SIM_END		CameraCalibration	0.1s	8.74974e-08m
TIME	8.290
SIM_START	CameraCalibration	2020-11-03 10:49:47
TIME	0.000
SIMULATE	CameraCalibration

SIM_END		CameraCalibration	0.1s	8.74974e-08m
SIM_START	CameraCalibration	2020-11-03 10:50:01
TIME	0.000
SIMULATE	CameraCalibration

SIM_END		CameraCalibration	0.1s	8.74974e-08m
TIME	3.901
SIM_START	CameraCalibration	2020-11-03 10:50:40
TIME	0.000
SIMULATE	CameraCalibration

SIM_END		CameraCalibration	0.1s	8.74974e-08m
SIM_START	CameraCalibration	2020-11-03 10:50:51
TIME	0.000
SIMULATE	CameraCalibration

SIM_END		CameraCalibration	0.1s	8.74974e-08m
TIME	8.181
SIM_START	CameraCalibration	2020-11-03 10:52:14
TIME	0.000
SIMULATE	CameraCalibration

SIM_END		CameraCalibration	0.1s	8.74974e-08m
SIM_START	CameraCalibration	2020-11-03 10:52:33
TIME	0.000
SIMULATE	CameraCalibration

SIM_END		CameraCalibration	0.1s	8.74974e-08m
TIME	10.769
SIM_START	CameraCalibration	2020-11-03 10:54:22
TIME	0.000
SIMULATE	CameraCalibration

SIM_END		CameraCalibration	0.1s	8.74974e-08m
SIM_START	CameraCalibration	2020-11-03 10:54:35
TIME	0.000
SIMULATE	CameraCalibration

SIM_END		CameraCalibration	0.1s	8.74974e-08m
SIM_START	CameraCalibration	2020-11-03 10:54:44
TIME	0.000
SIMULATE	CameraCalibration

SIM_END		CameraCalibration	0.1s	8.74974e-08m
TIME	515.213
SIM_START	Dataset_left_lane1	2020-11-03 12:20:38
TIME	0.000
SIMULATE	Dataset_left_lane1

TIME	14.046
SIM_END		Dataset_left_lane1	14.041s	320.389m
