APPLICATION	Car_Generic <insert.your.version.no> #37 (linux64-9.0)
COMPILED	felix@hilsim-poweredge-t630 2020-10-29 10:18:36
 
FIRST_INIT	(internal default used)	2020-11-07 17:26:08
TIME	0.000
SIM_END			0s	0m
IDLE	17:26:08
SIM_START	CameraCalibration	2020-11-07 17:26:11
TIME	0.000
SIMULATE	CameraCalibration

SIM_END		CameraCalibration	0.1s	8.74974e-08m
SIM_START	CameraCalibration	2020-11-07 17:26:19
TIME	0.000
SIMULATE	CameraCalibration

SIM_END		CameraCalibration	0.1s	8.74974e-08m
TIME	4.273
SIM_START	CameraCalibration	2020-11-07 17:27:02
TIME	0.000
SIMULATE	CameraCalibration

SIM_END		CameraCalibration	0.1s	1.51344e-07m
TIME	5990.283
SIM_START	CameraCalibration	2020-11-08 10:05:26
TIME	0.000
SIMULATE	CameraCalibration

SIM_END		CameraCalibration	0.1s	1.51344e-07m
TIME	15.277
SIM_START	CameraCalibration	2020-11-08 10:08:00
TIME	0.000
SIMULATE	CameraCalibration

SIM_END		CameraCalibration	0.1s	1.51344e-07m
TIME	15.391
SIM_START	CameraCalibration	2020-11-08 10:10:36
TIME	0.000
SIMULATE	CameraCalibration

SIM_END		CameraCalibration	0.1s	1.51344e-07m
TIME	11.831
SIM_START	CameraCalibration	2020-11-08 10:12:35
TIME	0.000
SIMULATE	CameraCalibration

SIM_END		CameraCalibration	0.1s	1.51344e-07m
TIME	86.835
SIM_START	CameraCalibration	2020-11-08 10:27:05
TIME	0.000
SIMULATE	CameraCalibration

SIM_END		CameraCalibration	0.1s	1.51344e-07m
TIME	2.413
SIM_START	CameraCalibration	2020-11-08 10:27:31
TIME	0.000
SIMULATE	CameraCalibration

SIM_END		CameraCalibration	0.1s	1.51344e-07m
TIME	55.671
SIM_START	CameraCalibration	2020-11-08 10:36:48
TIME	0.000
SIMULATE	CameraCalibration

SIM_END		CameraCalibration	0.1s	1.51344e-07m
TIME	2414.403
SIM_START	CameraCalibration	2020-11-08 17:19:14
TIME	0.000
SIMULATE	CameraCalibration

SIM_END		CameraCalibration	0.1s	8.74974e-08m
SIM_START	CameraCalibration	2020-11-08 17:19:23
TIME	0.000
SIMULATE	CameraCalibration

SIM_END		CameraCalibration	0.1s	8.74974e-08m
TIME	8.775
SIM_START	CameraCalibration	2020-11-08 17:20:52
TIME	0.000
SIMULATE	CameraCalibration

SIM_END		CameraCalibration	0.1s	8.74974e-08m
SIM_START	CameraCalibration	2020-11-08 17:21:10
TIME	0.000
SIMULATE	CameraCalibration

SIM_END		CameraCalibration	0.1s	8.74974e-08m
TIME	8.083
SIM_START	CameraCalibration	2020-11-08 17:22:32
TIME	0.000
SIMULATE	CameraCalibration

SIM_END		CameraCalibration	0.1s	8.74974e-08m
TIME	2.185
SIM_START	CameraCalibration	2020-11-08 17:22:55
TIME	0.000
SIMULATE	CameraCalibration

SIM_END		CameraCalibration	0.1s	8.74974e-08m
TIME	20.151
SIM_START	CameraCalibration	2020-11-08 17:26:18
TIME	0.000
SIMULATE	CameraCalibration

SIM_END		CameraCalibration	0.1s	8.74974e-08m
TIME	421.617
SIM_START	CameraCalibration	2020-11-08 18:36:35
TIME	0.000
SIMULATE	CameraCalibration

SIM_END		CameraCalibration	0.1s	8.74974e-08m
SIM_START	CameraCalibration	2020-11-08 18:36:54
TIME	0.000
SIMULATE	CameraCalibration

SIM_END		CameraCalibration	0.1s	8.74974e-08m
SIM_START	CameraCalibration	2020-11-08 18:37:07
TIME	0.000
SIMULATE	CameraCalibration

SIM_END		CameraCalibration	0.1s	8.74974e-08m
TIME	5699.355
SIM_START	CameraCalibration	2020-11-09 10:27:02
TIME	0.000
SIMULATE	CameraCalibration

SIM_END		CameraCalibration	0.1s	8.74974e-08m
TIME	16.919
SIM_START	CameraCalibration	2020-11-09 10:29:52
TIME	0.000
SIMULATE	CameraCalibration

SIM_END		CameraCalibration	0.1s	8.74974e-08m
TIME	31.617
SIM_START	CameraCalibration	2020-11-09 10:35:10
TIME	0.000
SIMULATE	CameraCalibration

SIM_END		CameraCalibration	0.1s	8.74974e-08m
TIME	51.205
SIM_START	CameraCalibration	2020-11-09 10:43:43
TIME	0.000
SIMULATE	CameraCalibration

SIM_END		CameraCalibration	0.1s	8.74974e-08m
SIM_START	CameraCalibration	2020-11-09 10:44:05
TIME	0.000
SIMULATE	CameraCalibration

SIM_END		CameraCalibration	0.1s	8.74974e-08m
SIM_START	CameraCalibration	2020-11-09 10:44:19
TIME	0.000
SIMULATE	CameraCalibration

SIM_END		CameraCalibration	0.1s	8.74974e-08m
TIME	2.857
SIM_START	CameraCalibration	2020-11-09 10:44:49
TIME	0.000
SIMULATE	CameraCalibration

SIM_END		CameraCalibration	0.1s	8.74974e-08m
TIME	4.925
SIM_START	CameraCalibration	2020-11-09 10:45:39
TIME	0.000
SIMULATE	CameraCalibration

SIM_END		CameraCalibration	0.1s	8.74974e-08m
TIME	115.026
SIM_START	CameraCalibration	2020-11-09 11:04:51
TIME	0.000
SIMULATE	CameraCalibration

SIM_END		CameraCalibration	0.1s	8.74974e-08m
SIM_START	CameraCalibration	2020-11-09 11:05:05
TIME	0.000
SIMULATE	CameraCalibration

SIM_END		CameraCalibration	0.1s	8.74974e-08m
SIM_START	CameraCalibration	2020-11-09 11:05:16
TIME	0.000
SIMULATE	CameraCalibration

SIM_END		CameraCalibration	0.1s	8.74974e-08m
SIM_START	CameraCalibration	2020-11-09 11:05:27
TIME	0.000
SIMULATE	CameraCalibration

SIM_END		CameraCalibration	0.1s	8.74974e-08m
TIME	37.765
SIM_START	CameraCalibration	2020-11-09 11:11:46
TIME	0.000
SIMULATE	CameraCalibration

SIM_END		CameraCalibration	0.1s	8.74974e-08m
SIM_START	CameraCalibration	2020-11-09 11:12:00
TIME	0.000
SIMULATE	CameraCalibration

SIM_END		CameraCalibration	0.1s	8.74974e-08m
TIME	3.069
SIM_START	CameraCalibration	2020-11-09 11:12:32
TIME	0.000
SIMULATE	CameraCalibration

SIM_END		CameraCalibration	0.1s	8.74974e-08m
TIME	37.315
SIM_START	CameraCalibration	2020-11-09 11:18:46
TIME	0.000
SIMULATE	CameraCalibration

SIM_END		CameraCalibration	0.1s	8.74974e-08m
SIM_START	CameraCalibration	2020-11-09 11:19:06
TIME	0.000
SIMULATE	CameraCalibration

SIM_END		CameraCalibration	0.1s	8.74974e-08m
SIM_START	CameraCalibration	2020-11-09 11:19:14
TIME	0.000
SIMULATE	CameraCalibration

SIM_END		CameraCalibration	0.1s	8.74974e-08m
TIME	16.617
SIM_START	CameraCalibration	2020-11-09 11:22:02
TIME	0.000
SIMULATE	CameraCalibration

SIM_END		CameraCalibration	0.1s	8.74974e-08m
TIME	13.337
SIM_START	CameraCalibration	2020-11-09 11:24:16
TIME	0.000
SIMULATE	CameraCalibration

SIM_END		CameraCalibration	0.1s	8.74974e-08m
SIM_START	CameraCalibration	2020-11-09 11:24:25
TIME	0.000
SIMULATE	CameraCalibration

SIM_END		CameraCalibration	0.1s	8.74974e-08m
TIME	397.059
SIM_START	CameraCalibration	2020-11-09 12:30:37
TIME	0.000
SIMULATE	CameraCalibration

SIM_END		CameraCalibration	0.1s	8.74974e-08m
TIME	3.057
SIM_START	CameraCalibration	2020-11-09 12:31:08
TIME	0.000
SIMULATE	CameraCalibration

SIM_END		CameraCalibration	0.1s	8.74974e-08m
TIME	2.456
SIM_START	CameraCalibration	2020-11-09 12:31:34
TIME	0.000
SIMULATE	CameraCalibration

SIM_END		CameraCalibration	0.1s	8.74974e-08m
TIME	4.731
SIM_START	CameraCalibration	2020-11-09 12:32:23
TIME	0.000
SIMULATE	CameraCalibration

SIM_END		CameraCalibration	0.1s	8.74974e-08m
SIM_START	CameraCalibration	2020-11-09 12:32:34
TIME	0.000
SIMULATE	CameraCalibration

SIM_END		CameraCalibration	0.1s	8.74974e-08m
SIM_START	CameraCalibration	2020-11-09 12:32:44
TIME	0.000
SIMULATE	CameraCalibration

SIM_END		CameraCalibration	0.1s	8.74974e-08m
TIME	1030.419
SIM_START	CameraCalibration	2020-11-09 15:24:29
TIME	0.000
SIMULATE	CameraCalibration

SIM_END		CameraCalibration	0.1s	8.74974e-08m
SIM_START	CameraCalibration	2020-11-09 15:24:42
TIME	0.000
SIMULATE	CameraCalibration

SIM_END		CameraCalibration	0.1s	8.74974e-08m
TIME	40.511
SIM_START	CameraCalibration	2020-11-09 15:31:29
TIME	0.000
SIMULATE	CameraCalibration

SIM_END		CameraCalibration	0.1s	8.74974e-08m
TIME	19.071
SIM_START	CameraCalibration	2020-11-09 15:34:41
TIME	0.000
SIMULATE	CameraCalibration

SIM_END		CameraCalibration	0.1s	8.74974e-08m
TIME	70.107
SIM_START	CameraCalibration	2020-11-09 15:46:23
TIME	0.000
SIMULATE	CameraCalibration

SIM_END		CameraCalibration	0.1s	8.74974e-08m
SIM_START	CameraCalibration	2020-11-09 15:46:37
TIME	0.000
SIMULATE	CameraCalibration

SIM_END		CameraCalibration	0.1s	8.74974e-08m
SIM_START	CameraCalibration	2020-11-09 15:46:51
TIME	0.000
SIMULATE	CameraCalibration

SIM_END		CameraCalibration	0.1s	8.74974e-08m
TIME	10.157
SIM_START	CameraCalibration	2020-11-09 15:48:33
TIME	0.000
SIMULATE	CameraCalibration

SIM_END		CameraCalibration	0.1s	8.74974e-08m
TIME	2.413
SIM_START	CameraCalibration	2020-11-09 15:48:59
TIME	0.000
SIMULATE	CameraCalibration

SIM_END		CameraCalibration	0.1s	8.74974e-08m
TIME	23.969
SIM_START	CameraCalibration	2020-11-09 15:53:00
TIME	0.000
SIMULATE	CameraCalibration

SIM_END		CameraCalibration	0.1s	8.74974e-08m
TIME	2.895
SIM_START	CameraCalibration	2020-11-09 15:53:30
TIME	0.000
SIMULATE	CameraCalibration

SIM_END		CameraCalibration	0.1s	8.74974e-08m
TIME	8.027
SIM_START	CameraCalibration	2020-11-09 15:54:52
TIME	0.000
SIMULATE	CameraCalibration

SIM_END		CameraCalibration	0.1s	8.74974e-08m
TIME	64.157
SIM_START	CameraCalibration	2020-11-09 16:05:34
TIME	0.000
SIMULATE	CameraCalibration

SIM_END		CameraCalibration	0.1s	8.74974e-08m
TIME	7.249
SIM_START	CameraCalibration	2020-11-09 16:06:48
TIME	0.000
SIMULATE	CameraCalibration

SIM_END		CameraCalibration	0.1s	8.74974e-08m
SIM_START	CameraCalibration	2020-11-09 16:06:56
TIME	0.000
SIMULATE	CameraCalibration

SIM_END		CameraCalibration	0.1s	8.74974e-08m
SIM_START	CameraCalibration	2020-11-09 16:07:05
TIME	0.000
SIMULATE	CameraCalibration

SIM_END		CameraCalibration	0.1s	8.74974e-08m
TIME	2.561
SIM_START	CameraCalibration	2020-11-09 16:07:32
TIME	0.000
SIMULATE	CameraCalibration

SIM_END		CameraCalibration	0.1s	8.74974e-08m
TIME	12.967
SIM_START	CameraCalibration	2020-11-09 16:09:43
TIME	0.000
SIMULATE	CameraCalibration

SIM_END		CameraCalibration	0.1s	8.74974e-08m
SIM_START	CameraCalibration	2020-11-09 16:09:58
TIME	0.000
SIMULATE	CameraCalibration

SIM_END		CameraCalibration	0.1s	8.74974e-08m
TIME	5.443
SIM_START	CameraCalibration	2020-11-09 16:10:53
TIME	0.000
SIMULATE	CameraCalibration

SIM_END		CameraCalibration	0.1s	8.74974e-08m
SIM_START	CameraCalibration	2020-11-09 16:11:03
TIME	0.000
SIMULATE	CameraCalibration

SIM_END		CameraCalibration	0.1s	8.74974e-08m
