APPLICATION	Car_Generic <insert.your.version.no> #37 (linux64-9.0)
COMPILED	felix@hilsim-poweredge-t630 2020-10-29 10:18:36
 
FIRST_INIT	(internal default used)	2020-10-29 11:19:23
TIME	0.000
SIM_END			0s	0m
IDLE	11:19:24
SIM_START	Examples/BasicFunctions/Driver/BackAndForth	2020-10-29 11:19:24
TIME	0.000
SIMULATE	Examples/BasicFunctions/Driver/BackAndForth

TIME	11.081
SIM_END		Examples/BasicFunctions/Driver/BackAndForth	11.078s	107.033m
SIM_START	Examples/BasicFunctions/Driver/BackAndForth	2020-10-29 11:19:47
TIME	0.000
SIMULATE	Examples/BasicFunctions/Driver/BackAndForth

TIME	2.390
SIM_END		Examples/BasicFunctions/Driver/BackAndForth	2.387s	1.34243m
SIM_START	Dataset_left_lane1	2020-10-29 11:20:05
TIME	0.000
SIMULATE	Dataset_left_lane1

SIM_END		Dataset_left_lane1	0.754s	24.5963m
