APPLICATION	Car_Generic <insert.your.version.no> #39 (linux64-9.0)
COMPILED	felix@hilsim-poweredge-t630 2020-11-11 14:23:06
 
FIRST_INIT	(internal default used)	2020-11-11 15:25:08
TIME	0.000
SIM_END			0s	0m
IDLE	15:25:09
SIM_START	Dataset_left_lane1	2020-11-11 15:25:13
TIME	0.000
SIMULATE	Dataset_left_lane1

TIME	2.128
SIM_END		Dataset_left_lane1	2.125s	82.966m
SIM_START	Dataset_left_lane1	2020-11-11 15:25:29
TIME	0.000
SIMULATE	Dataset_left_lane1

TIME	19.021
SIM_END		Dataset_left_lane1	19.018s	495.763m
SIM_START	Dataset_left_lane1	2020-11-11 15:26:10
TIME	0.000
SIMULATE	Dataset_left_lane1

SIM_END		Dataset_left_lane1	1.337s	53.6807m
TIME	3.894
SIM_START	Dataset_left_lane1	2020-11-11 15:26:39
TIME	0.000
SIMULATE	Dataset_left_lane1

TIME	9.261
SIM_END		Dataset_left_lane1	9.258s	383.502m
TIME	14.097
SIM_START	Dataset_left_lane1	2020-11-11 15:27:39
TIME	0.000
SIMULATE	Dataset_left_lane1

TIME	11.966
SIM_END		Dataset_left_lane1	11.963s	495.801m
