

SYSTEM_START	-	hilsim-PowerEdge-T630	hilsim-PowerEdge-T630	2020-10-29 10:39:18


SYSTEM_INFO	Car_Generic <insert.your.version.no> #37	felix@hilsim-poweredge-t630 2020-10-29 10:18:36	(9.0 fh@obelix.ipg 2020-05-15 16:22:13)
SIM	1603964358	hilsim-PowerEdge-T630			0	0	0
SIM	1603964359	hilsim-PowerEdge-T630	felix	Examples/BasicFunctions/Driver/ChangingLanes	0	14.128	131.558
SIM	1603964376	hilsim-PowerEdge-T630	felix	Examples/BasicFunctions/Driver/ChangingLanes	0	7.611	43.4393


SYSTEM_START	-	hilsim-PowerEdge-T630	hilsim-PowerEdge-T630	2020-10-29 10:40:54


SYSTEM_INFO	Car_Generic <insert.your.version.no> #37	felix@hilsim-poweredge-t630 2020-10-29 10:18:36	(9.0 fh@obelix.ipg 2020-05-15 16:22:13)
SIM	1603964455	hilsim-PowerEdge-T630			0	0	0
SIM	1603964456	hilsim-PowerEdge-T630	felix	Examples/BasicFunctions/Driver/BackAndForth	0	7.224	42.8129
SIM	1603964515	hilsim-PowerEdge-T630	felix	Dataset_left_lane1	0	7.141	193.246
SIM	1603964655	hilsim-PowerEdge-T630	felix	Dataset_left_lane1	0	3.755	111.4


SYSTEM_START	-	hilsim-PowerEdge-T630	hilsim-PowerEdge-T630	2020-10-29 10:51:30


SYSTEM_INFO	Car_Generic <insert.your.version.no> #37	felix@hilsim-poweredge-t630 2020-10-29 10:18:36	(9.0 fh@obelix.ipg 2020-05-15 16:22:13)
SIM	1603965091	hilsim-PowerEdge-T630			0	0	0
SIM	1603965094	hilsim-PowerEdge-T630	felix	BackAndForth	0	7.726	44.0456
SIM	1603965122	hilsim-PowerEdge-T630	felix	BackAndForth	0	8.698	58.9185
SIM	1603965180	hilsim-PowerEdge-T630	felix	BackAndForth	0	3.331	3.22882


SYSTEM_START	-	hilsim-PowerEdge-T630	hilsim-PowerEdge-T630	2020-10-29 11:06:12


SYSTEM_INFO	Car_Generic <insert.your.version.no> #37	felix@hilsim-poweredge-t630 2020-10-29 10:18:36	(9.0 fh@obelix.ipg 2020-05-15 16:22:13)
SIM	1603965973	hilsim-PowerEdge-T630			0	0	0
SIM	1603965976	hilsim-PowerEdge-T630	felix	Dataset_left_lane1	0	27.634	495.76


SYSTEM_START	-	hilsim-PowerEdge-T630	hilsim-PowerEdge-T630	2020-10-29 11:18:28


SYSTEM_INFO	Car_Generic <insert.your.version.no> #37	felix@hilsim-poweredge-t630 2020-10-29 10:18:36	(9.0 fh@obelix.ipg 2020-05-15 16:22:13)
SIM	1603966709	hilsim-PowerEdge-T630			0	0	0
SIM	1603966711	hilsim-PowerEdge-T630	root	Dataset_left_lane1	0	27.634	495.76
SIM	1603966724	hilsim-PowerEdge-T630	root	Dataset_left_lane1	0	15.24	338.325


SYSTEM_START	-	hilsim-PowerEdge-T630	hilsim-PowerEdge-T630	2020-10-29 11:19:23


SYSTEM_INFO	Car_Generic <insert.your.version.no> #37	felix@hilsim-poweredge-t630 2020-10-29 10:18:36	(9.0 fh@obelix.ipg 2020-05-15 16:22:13)
SIM	1603966763	hilsim-PowerEdge-T630			0	0	0
SIM	1603966764	hilsim-PowerEdge-T630	felix	Examples/BasicFunctions/Driver/BackAndForth	0	11.078	107.033
SIM	1603966787	hilsim-PowerEdge-T630	felix	Examples/BasicFunctions/Driver/BackAndForth	0	2.387	1.34243
SIM	1603966805	hilsim-PowerEdge-T630	felix	Dataset_left_lane1	0	0.754	24.5963


SYSTEM_START	-	hilsim-PowerEdge-T630	hilsim-PowerEdge-T630	2020-10-29 11:29:16


SYSTEM_INFO	Car_Generic <insert.your.version.no> #37	felix@hilsim-poweredge-t630 2020-10-29 10:18:36	(9.0 fh@obelix.ipg 2020-05-15 16:22:13)
SIM	1603967357	hilsim-PowerEdge-T630			0	0	0
SIM	1603967361	hilsim-PowerEdge-T630	felix	Dataset_left_lane1	0	6.715	183.754
SIM	1603967389	hilsim-PowerEdge-T630	felix	Dataset_left_lane1	0	1.049	33.8138
SIM	1603967407	hilsim-PowerEdge-T630	felix	Dataset_left_lane1	0	9.441	240.93
SIM	1603967498	hilsim-PowerEdge-T630	felix	Dataset_left_lane1	0	17.861	374.838
SIM	1603968090	hilsim-PowerEdge-T630	felix	Dataset_left_lane1	0	9.185	119.713
SIM	1603968170	hilsim-PowerEdge-T630	felix	Dataset_left_lane1	0	7.521	110.929
SIM	1603968435	hilsim-PowerEdge-T630	felix	Dataset_left_lane2	0	16.591	376.818
SIM	1603968491	hilsim-PowerEdge-T630	felix	Dataset_left_lane2	0	17.321	387.588
SIM	1603971163	hilsim-PowerEdge-T630	felix	Dataset_middle_lane1	0	13.971	350.84
SIM	1603971255	hilsim-PowerEdge-T630	felix	Dataset_middle_lane1	0	16.24	389.409
SIM	1603971930	hilsim-PowerEdge-T630	felix	Dataset_middle_lane1	0	16.654	368.325
SIM	1603972122	hilsim-PowerEdge-T630	felix	Dataset_middle_lane2	0	19.537	416.656
SIM	1603972686	hilsim-PowerEdge-T630	felix	Dataset_middle_lane2	0	5.558	160.076
SIM	1603972723	hilsim-PowerEdge-T630	felix	Dataset_middle_lane2	0	17.384	388.595
SIM	1603973418	hilsim-PowerEdge-T630	felix	Dataset_right_lane1	0	5.961	174.066
SIM	1603973446	hilsim-PowerEdge-T630	felix	Dataset_right_lane1	0	14.642	405.531
SIM	1603974009	hilsim-PowerEdge-T630	felix	Dataset_right_lane1	0	4.9	93.6313
SIM	1603974060	hilsim-PowerEdge-T630	felix	Dataset_right_lane1	0	7.211	104.545
SIM	1603974676	hilsim-PowerEdge-T630	felix	Dataset_right_lane2	0	5.131	145.911
SIM	1603974714	hilsim-PowerEdge-T630	felix	Dataset_right_lane2	0	18.171	387.107


SYSTEM_START	-	hilsim-PowerEdge-T630	hilsim-PowerEdge-T630	2020-10-31 14:47:07


SYSTEM_INFO	Car_Generic <insert.your.version.no> #37	felix@hilsim-poweredge-t630 2020-10-29 10:18:36	(9.0 fh@obelix.ipg 2020-05-15 16:22:13)
SIM	1604152028	hilsim-PowerEdge-T630			0	0	0
SIM	1604152031	hilsim-PowerEdge-T630	felix	Dataset_left_lane2	0	3.61	82.613
SIM	1604152100	hilsim-PowerEdge-T630	felix	Dataset_left_lane2	0	2.503	66.0915
SIM	1604152127	hilsim-PowerEdge-T630	felix	Dataset_left_lane2	0	7.327	109.88
SIM	1604313294	hilsim-PowerEdge-T630	felix	unknown	0	3.196	4.5698


SYSTEM_START	-	hilsim-PowerEdge-T630	hilsim-PowerEdge-T630	2020-11-02 11:36:22


SYSTEM_INFO	Car_Generic <insert.your.version.no> #37	felix@hilsim-poweredge-t630 2020-10-29 10:18:36	(9.0 fh@obelix.ipg 2020-05-15 16:22:13)
SIM	1604313383	hilsim-PowerEdge-T630			0	0	0
SIM	1604313386	hilsim-PowerEdge-T630	felix	CameraCalibration	0	1.306	0.000297592
SIM	1604313399	hilsim-PowerEdge-T630	felix	CameraCalibration	0	1.235	0.000121814
SIM	1604313405	hilsim-PowerEdge-T630	felix	CameraCalibration	0	1.248	0.000123517
SIM	1604313590	hilsim-PowerEdge-T630	felix	CameraCalibration	0	0.742	5.56611e-05
SIM	1604313725	hilsim-PowerEdge-T630	felix	CameraCalibration	0	8.13	56.524
SIM	1604313763	hilsim-PowerEdge-T630	felix	CameraCalibration	0	0.002	1.46318e-10
SIM	1604314034	hilsim-PowerEdge-T630	felix	CameraCalibration	0	0.002	1.46318e-10
SIM	1604314290	hilsim-PowerEdge-T630	felix	CameraCalibration	0	0.002	1.46318e-10
SIM	1604314323	hilsim-PowerEdge-T630	felix	CameraCalibration	0	0.002	1.46318e-10
SIM	1604314358	hilsim-PowerEdge-T630	felix	CameraCalibration	0	0.002	1.46318e-10
SIM	1604314838	hilsim-PowerEdge-T630	felix	CameraCalibration	0	0.002	1.46318e-10
SIM	1604314892	hilsim-PowerEdge-T630	felix	CameraCalibration	0	0.002	1.46318e-10
SIM	1604315047	hilsim-PowerEdge-T630	felix	CameraCalibration	0	2	5.64544e-06
SIM	1604315099	hilsim-PowerEdge-T630	felix	CameraCalibration	0	2	5.64544e-06
SIM	1604315522	hilsim-PowerEdge-T630	felix	CameraCalibration	0	0.944	4.37181e-06
SIM	1604316714	hilsim-PowerEdge-T630	felix	CameraCalibration	0	1.471	4.83535e-06
SIM	1604316745	hilsim-PowerEdge-T630	felix	CameraCalibration	0	1.342	4.70887e-06
SIM	1604317454	hilsim-PowerEdge-T630	felix	CameraCalibration	0	1.142	4.52993e-06
SIM	1604317505	hilsim-PowerEdge-T630	felix	CameraCalibration	0	1.185	4.5663e-06
SIM	1604317551	hilsim-PowerEdge-T630	felix	CameraCalibration	0	0.459	3.57896e-06
SIM	1604318262	hilsim-PowerEdge-T630	felix	CameraCalibration	0	0.948	4.37535e-06
SIM	1604318287	hilsim-PowerEdge-T630	felix	CameraCalibration	0	2	5.64544e-06
SIM	1604318309	hilsim-PowerEdge-T630	felix	CameraCalibration	0	1.031	4.44159e-06
SIM	1604318348	hilsim-PowerEdge-T630	felix	CameraCalibration	0	0.361	2.82685e-06
SIM	1604318401	hilsim-PowerEdge-T630	felix	CameraCalibration	0	0.801	4.19685e-06
SIM	1604318413	hilsim-PowerEdge-T630	felix	CameraCalibration	0	0.361	2.82685e-06
SIM	1604318465	hilsim-PowerEdge-T630	felix	CameraCalibration	0	0.562	3.84911e-06
SIM	1604318496	hilsim-PowerEdge-T630	felix	CameraCalibration	0	0.371	2.92897e-06
SIM	1604318534	hilsim-PowerEdge-T630	felix	CameraCalibration	0	0.571	3.85391e-06
SIM	1604318548	hilsim-PowerEdge-T630	felix	CameraCalibration	0	0.517	3.78583e-06
SIM	1604318631	hilsim-PowerEdge-T630	felix	CameraCalibration	0	2	5.64544e-06
SIM	1604318748	hilsim-PowerEdge-T630	felix	CameraCalibration	0	0.95	4.3771e-06


SYSTEM_START	-	hilsim-PowerEdge-T630	hilsim-PowerEdge-T630	2020-11-03 10:35:31


SYSTEM_INFO	Car_Generic <insert.your.version.no> #37	felix@hilsim-poweredge-t630 2020-10-29 10:18:36	(9.0 fh@obelix.ipg 2020-05-15 16:22:13)
SIM	1604396131	hilsim-PowerEdge-T630			0	0	0
SIM	1604396134	hilsim-PowerEdge-T630	felix	CameraCalibration	0	2.533	1.78168
SIM	1604396148	hilsim-PowerEdge-T630	felix	CameraCalibration	0	0.649	3.5253e-05
SIM	1604396460	hilsim-PowerEdge-T630	felix	CameraCalibration	0	3.868	8.67143
SIM	1604396490	hilsim-PowerEdge-T630	felix	CameraCalibration	0	0.1	8.74974e-08
SIM	1604396588	hilsim-PowerEdge-T630	felix	CameraCalibration	0	0.1	8.74974e-08
SIM	1604396621	hilsim-PowerEdge-T630	felix	CameraCalibration	0	0.1	8.74974e-08
SIM	1604396689	hilsim-PowerEdge-T630	felix	CameraCalibration	0	0.1	8.74974e-08
SIM	1604396762	hilsim-PowerEdge-T630	felix	CameraCalibration	0	0.1	8.74974e-08
SIM	1604396783	hilsim-PowerEdge-T630	felix	CameraCalibration	0	0.1	8.74974e-08
SIM	1604396882	hilsim-PowerEdge-T630	felix	CameraCalibration	0	0.1	8.74974e-08
SIM	1604396904	hilsim-PowerEdge-T630	felix	CameraCalibration	0	0.1	8.74974e-08
SIM	1604396987	hilsim-PowerEdge-T630	felix	CameraCalibration	0	0.1	8.74974e-08
SIM	1604397001	hilsim-PowerEdge-T630	felix	CameraCalibration	0	0.1	8.74974e-08
SIM	1604397040	hilsim-PowerEdge-T630	felix	CameraCalibration	0	0.1	8.74974e-08
SIM	1604397051	hilsim-PowerEdge-T630	felix	CameraCalibration	0	0.1	8.74974e-08
SIM	1604397134	hilsim-PowerEdge-T630	felix	CameraCalibration	0	0.1	8.74974e-08
SIM	1604397153	hilsim-PowerEdge-T630	felix	CameraCalibration	0	0.1	8.74974e-08
SIM	1604397262	hilsim-PowerEdge-T630	felix	CameraCalibration	0	0.1	8.74974e-08
SIM	1604397275	hilsim-PowerEdge-T630	felix	CameraCalibration	0	0.1	8.74974e-08
SIM	1604397284	hilsim-PowerEdge-T630	felix	CameraCalibration	0	0.1	8.74974e-08
SIM	1604402438	hilsim-PowerEdge-T630	felix	Dataset_left_lane1	0	14.041	320.389


SYSTEM_START	-	hilsim-PowerEdge-T630	hilsim-PowerEdge-T630	2020-11-04 15:27:44


SYSTEM_INFO	Car_Generic <insert.your.version.no> #37	felix@hilsim-poweredge-t630 2020-10-29 10:18:36	(9.0 fh@obelix.ipg 2020-05-15 16:22:13)
SIM	1604500065	hilsim-PowerEdge-T630			0	0	0
SIM	1604500068	hilsim-PowerEdge-T630	felix	CameraCalibration	0	0.1	8.74974e-08
SIM	1604500072	hilsim-PowerEdge-T630	felix	CameraCalibration	0	0.1	8.74974e-08
SIM	1604500076	hilsim-PowerEdge-T630	felix	CameraCalibration	0	0.1	8.74974e-08
SIM	1604500640	hilsim-PowerEdge-T630	felix	CameraCalibration	0	0.1	8.74974e-08
SIM	1604500828	hilsim-PowerEdge-T630	felix	CameraCalibration	0	0.1	8.74974e-08
SIM	1604500843	hilsim-PowerEdge-T630	felix	CameraCalibration	0	0.1	8.74974e-08
SIM	1604500873	hilsim-PowerEdge-T630	felix	CameraCalibration	0	0.1	8.74974e-08
SIM	1604500950	hilsim-PowerEdge-T630	felix	CameraCalibration	0	0.1	8.74974e-08
SIM	1604500991	hilsim-PowerEdge-T630	felix	CameraCalibration	0	0.1	8.74974e-08
SIM	1604501074	hilsim-PowerEdge-T630	felix	CameraCalibration	0	0.1	8.74974e-08
SIM	1604501094	hilsim-PowerEdge-T630	felix	CameraCalibration	0	0.1	8.74974e-08
SIM	1604501200	hilsim-PowerEdge-T630	felix	CameraCalibration	0	0.1	8.74974e-08
SIM	1604501215	hilsim-PowerEdge-T630	felix	CameraCalibration	0	0.1	8.74974e-08
SIM	1604501350	hilsim-PowerEdge-T630	felix	CameraCalibration	0	0.1	8.74974e-08
SIM	1604501358	hilsim-PowerEdge-T630	felix	CameraCalibration	0	0.1	8.74974e-08
SIM	1604501369	hilsim-PowerEdge-T630	felix	CameraCalibration	0	0.1	8.74974e-08
SIM	1604501380	hilsim-PowerEdge-T630	felix	CameraCalibration	0	0.1	8.74974e-08
SIM	1604501445	hilsim-PowerEdge-T630	felix	CameraCalibration	0	0.1	8.74974e-08
SIM	1604501464	hilsim-PowerEdge-T630	felix	CameraCalibration	0	0.1	8.74974e-08
SIM	1604501504	hilsim-PowerEdge-T630	felix	CameraCalibration	0	0.1	8.74974e-08
SIM	1604501510	hilsim-PowerEdge-T630	felix	CameraCalibration	0	0.1	8.74974e-08
SIM	1604504332	hilsim-PowerEdge-T630	felix	Dataset_left_lane2	0	5.267	97.9549
SIM	1604506017	hilsim-PowerEdge-T630	felix	Dataset_left_lane2	0	7.759	112.199
SIM	1604666298	hilsim-PowerEdge-T630	CARISSMA-HIL	Examples/BasicFunctions/Movie/RollingShutter	1	0	0
SIM	1604666856	hilsim-PowerEdge-T630	CARISSMA-HIL	Examples/DriverAssistance/BrakingAssist/AEB_ApproachingCyclist	1	0	0


SYSTEM_START	-	hilsim-PowerEdge-T630	hilsim-PowerEdge-T630	2020-11-07 17:26:07


SYSTEM_INFO	Car_Generic <insert.your.version.no> #37	felix@hilsim-poweredge-t630 2020-10-29 10:18:36	(9.0 fh@obelix.ipg 2020-05-15 16:22:13)
SIM	1604766368	hilsim-PowerEdge-T630			0	0	0
SIM	1604766371	hilsim-PowerEdge-T630	felix	CameraCalibration	0	0.1	8.74974e-08
SIM	1604766379	hilsim-PowerEdge-T630	felix	CameraCalibration	0	0.1	8.74974e-08
SIM	1604766422	hilsim-PowerEdge-T630	felix	CameraCalibration	0	0.1	1.51344e-07
SIM	1604826326	hilsim-PowerEdge-T630	felix	CameraCalibration	0	0.1	1.51344e-07
SIM	1604826480	hilsim-PowerEdge-T630	felix	CameraCalibration	0	0.1	1.51344e-07
SIM	1604826636	hilsim-PowerEdge-T630	felix	CameraCalibration	0	0.1	1.51344e-07
SIM	1604826755	hilsim-PowerEdge-T630	felix	CameraCalibration	0	0.1	1.51344e-07
SIM	1604827625	hilsim-PowerEdge-T630	felix	CameraCalibration	0	0.1	1.51344e-07
SIM	1604827651	hilsim-PowerEdge-T630	felix	CameraCalibration	0	0.1	1.51344e-07
SIM	1604828208	hilsim-PowerEdge-T630	felix	CameraCalibration	0	0.1	1.51344e-07
SIM	1604852354	hilsim-PowerEdge-T630	felix	CameraCalibration	0	0.1	8.74974e-08
SIM	1604852363	hilsim-PowerEdge-T630	felix	CameraCalibration	0	0.1	8.74974e-08
SIM	1604852452	hilsim-PowerEdge-T630	felix	CameraCalibration	0	0.1	8.74974e-08
SIM	1604852470	hilsim-PowerEdge-T630	felix	CameraCalibration	0	0.1	8.74974e-08
SIM	1604852552	hilsim-PowerEdge-T630	felix	CameraCalibration	0	0.1	8.74974e-08
SIM	1604852575	hilsim-PowerEdge-T630	felix	CameraCalibration	0	0.1	8.74974e-08
SIM	1604852778	hilsim-PowerEdge-T630	felix	CameraCalibration	0	0.1	8.74974e-08
SIM	1604856995	hilsim-PowerEdge-T630	felix	CameraCalibration	0	0.1	8.74974e-08
SIM	1604857014	hilsim-PowerEdge-T630	felix	CameraCalibration	0	0.1	8.74974e-08
SIM	1604857027	hilsim-PowerEdge-T630	felix	CameraCalibration	0	0.1	8.74974e-08
SIM	1604914022	hilsim-PowerEdge-T630	felix	CameraCalibration	0	0.1	8.74974e-08
SIM	1604914192	hilsim-PowerEdge-T630	felix	CameraCalibration	0	0.1	8.74974e-08
SIM	1604914510	hilsim-PowerEdge-T630	felix	CameraCalibration	0	0.1	8.74974e-08
SIM	1604915023	hilsim-PowerEdge-T630	felix	CameraCalibration	0	0.1	8.74974e-08
SIM	1604915045	hilsim-PowerEdge-T630	felix	CameraCalibration	0	0.1	8.74974e-08
SIM	1604915059	hilsim-PowerEdge-T630	felix	CameraCalibration	0	0.1	8.74974e-08
SIM	1604915089	hilsim-PowerEdge-T630	felix	CameraCalibration	0	0.1	8.74974e-08
SIM	1604915139	hilsim-PowerEdge-T630	felix	CameraCalibration	0	0.1	8.74974e-08
SIM	1604916291	hilsim-PowerEdge-T630	felix	CameraCalibration	0	0.1	8.74974e-08
SIM	1604916305	hilsim-PowerEdge-T630	felix	CameraCalibration	0	0.1	8.74974e-08
SIM	1604916316	hilsim-PowerEdge-T630	felix	CameraCalibration	0	0.1	8.74974e-08
SIM	1604916327	hilsim-PowerEdge-T630	felix	CameraCalibration	0	0.1	8.74974e-08
SIM	1604916706	hilsim-PowerEdge-T630	felix	CameraCalibration	0	0.1	8.74974e-08
SIM	1604916720	hilsim-PowerEdge-T630	felix	CameraCalibration	0	0.1	8.74974e-08
SIM	1604916752	hilsim-PowerEdge-T630	felix	CameraCalibration	0	0.1	8.74974e-08
SIM	1604917126	hilsim-PowerEdge-T630	felix	CameraCalibration	0	0.1	8.74974e-08
SIM	1604917146	hilsim-PowerEdge-T630	felix	CameraCalibration	0	0.1	8.74974e-08
SIM	1604917154	hilsim-PowerEdge-T630	felix	CameraCalibration	0	0.1	8.74974e-08
SIM	1604917322	hilsim-PowerEdge-T630	felix	CameraCalibration	0	0.1	8.74974e-08
SIM	1604917456	hilsim-PowerEdge-T630	felix	CameraCalibration	0	0.1	8.74974e-08
SIM	1604917465	hilsim-PowerEdge-T630	felix	CameraCalibration	0	0.1	8.74974e-08
SIM	1604921437	hilsim-PowerEdge-T630	felix	CameraCalibration	0	0.1	8.74974e-08
SIM	1604921468	hilsim-PowerEdge-T630	felix	CameraCalibration	0	0.1	8.74974e-08
SIM	1604921494	hilsim-PowerEdge-T630	felix	CameraCalibration	0	0.1	8.74974e-08
SIM	1604921543	hilsim-PowerEdge-T630	felix	CameraCalibration	0	0.1	8.74974e-08
SIM	1604921554	hilsim-PowerEdge-T630	felix	CameraCalibration	0	0.1	8.74974e-08
SIM	1604921564	hilsim-PowerEdge-T630	felix	CameraCalibration	0	0.1	8.74974e-08
SIM	1604931869	hilsim-PowerEdge-T630	felix	CameraCalibration	0	0.1	8.74974e-08
SIM	1604931882	hilsim-PowerEdge-T630	felix	CameraCalibration	0	0.1	8.74974e-08
SIM	1604932289	hilsim-PowerEdge-T630	felix	CameraCalibration	0	0.1	8.74974e-08
SIM	1604932481	hilsim-PowerEdge-T630	felix	CameraCalibration	0	0.1	8.74974e-08
SIM	1604933183	hilsim-PowerEdge-T630	felix	CameraCalibration	0	0.1	8.74974e-08
SIM	1604933197	hilsim-PowerEdge-T630	felix	CameraCalibration	0	0.1	8.74974e-08
SIM	1604933211	hilsim-PowerEdge-T630	felix	CameraCalibration	0	0.1	8.74974e-08
SIM	1604933313	hilsim-PowerEdge-T630	felix	CameraCalibration	0	0.1	8.74974e-08
SIM	1604933339	hilsim-PowerEdge-T630	felix	CameraCalibration	0	0.1	8.74974e-08
SIM	1604933580	hilsim-PowerEdge-T630	felix	CameraCalibration	0	0.1	8.74974e-08
SIM	1604933610	hilsim-PowerEdge-T630	felix	CameraCalibration	0	0.1	8.74974e-08
SIM	1604933692	hilsim-PowerEdge-T630	felix	CameraCalibration	0	0.1	8.74974e-08
SIM	1604934334	hilsim-PowerEdge-T630	felix	CameraCalibration	0	0.1	8.74974e-08
SIM	1604934408	hilsim-PowerEdge-T630	felix	CameraCalibration	0	0.1	8.74974e-08
SIM	1604934416	hilsim-PowerEdge-T630	felix	CameraCalibration	0	0.1	8.74974e-08
SIM	1604934425	hilsim-PowerEdge-T630	felix	CameraCalibration	0	0.1	8.74974e-08
SIM	1604934452	hilsim-PowerEdge-T630	felix	CameraCalibration	0	0.1	8.74974e-08
SIM	1604934583	hilsim-PowerEdge-T630	felix	CameraCalibration	0	0.1	8.74974e-08
SIM	1604934598	hilsim-PowerEdge-T630	felix	CameraCalibration	0	0.1	8.74974e-08
SIM	1604934653	hilsim-PowerEdge-T630	felix	CameraCalibration	0	0.1	8.74974e-08
SIM	1604934663	hilsim-PowerEdge-T630	felix	CameraCalibration	0	0.1	8.74974e-08


SYSTEM_START	-	hilsim-PowerEdge-T630	hilsim-PowerEdge-T630	2020-11-10 10:03:09


SYSTEM_INFO	Car_Generic <insert.your.version.no> #37	felix@hilsim-poweredge-t630 2020-10-29 10:18:36	(9.0 fh@obelix.ipg 2020-05-15 16:22:13)
SIM	1604998990	hilsim-PowerEdge-T630			0	0	0
SIM	1604998993	hilsim-PowerEdge-T630	felix	CameraCalibration	0	0.1	1.51344e-07
SIM	1604999138	hilsim-PowerEdge-T630	felix	CameraCalibration	0	0.1	1.51344e-07
SIM	1604999171	hilsim-PowerEdge-T630	felix	CameraCalibration	0	0.1	8.74974e-08
SIM	1604999295	hilsim-PowerEdge-T630	felix	CameraCalibration	0	0.1	8.74974e-08
SIM	1604999370	hilsim-PowerEdge-T630	felix	CameraCalibration	0	0.1	1.51344e-07
SIM	1604999519	hilsim-PowerEdge-T630	felix	CameraCalibration	0	0.1	1.51344e-07
SIM	1604999534	hilsim-PowerEdge-T630	felix	CameraCalibration	0	0.1	1.51344e-07
SIM	1604999601	hilsim-PowerEdge-T630	felix	CameraCalibration	0	0.1	8.74974e-08
SIM	1604999610	hilsim-PowerEdge-T630	felix	CameraCalibration	0	0.1	8.74974e-08
SIM	1604999635	hilsim-PowerEdge-T630	felix	CameraCalibration	0	0.1	8.74974e-08
SIM	1604999641	hilsim-PowerEdge-T630	felix	CameraCalibration	0	0.1	8.74974e-08
SIM	1604999660	hilsim-PowerEdge-T630	felix	CameraCalibration	0	0.1	8.74974e-08
SIM	1604999708	hilsim-PowerEdge-T630	felix	CameraCalibration	0	0.1	8.74974e-08
SIM	1604999717	hilsim-PowerEdge-T630	felix	CameraCalibration	0	0.1	8.74974e-08
SIM	1604999745	hilsim-PowerEdge-T630	felix	CameraCalibration	0	0.1	8.74974e-08
SIM	1604999758	hilsim-PowerEdge-T630	felix	CameraCalibration	0	0.1	8.74974e-08
SIM	1604999818	hilsim-PowerEdge-T630	felix	CameraCalibration	0	0.1	8.74974e-08
SIM	1604999829	hilsim-PowerEdge-T630	felix	CameraCalibration	0	0.1	8.74974e-08
SIM	1604999944	hilsim-PowerEdge-T630	felix	CameraCalibration	0	0.1	8.74974e-08
SIM	1604999956	hilsim-PowerEdge-T630	felix	CameraCalibration	0	0.1	8.74974e-08
SIM	1605000176	hilsim-PowerEdge-T630	felix	CameraCalibration	0	0.1	8.74974e-08
SIM	1605000189	hilsim-PowerEdge-T630	felix	CameraCalibration	0	0.1	8.74974e-08
SIM	1605000242	hilsim-PowerEdge-T630	felix	CameraCalibration	0	0.1	8.74974e-08
SIM	1605000257	hilsim-PowerEdge-T630	felix	CameraCalibration	0	0.1	8.74974e-08
SIM	1605000293	hilsim-PowerEdge-T630	felix	CameraCalibration	0	0.1	8.74974e-08
SIM	1605000303	hilsim-PowerEdge-T630	felix	CameraCalibration	0	0.1	8.74974e-08
SIM	1605000364	hilsim-PowerEdge-T630	felix	CameraCalibration	0	0.1	8.74974e-08
SIM	1605000375	hilsim-PowerEdge-T630	felix	CameraCalibration	0	0.1	8.74974e-08
SIM	1605000428	hilsim-PowerEdge-T630	felix	CameraCalibration	0	0.1	8.74974e-08
SIM	1605000439	hilsim-PowerEdge-T630	felix	CameraCalibration	0	0.1	8.74974e-08
SIM	1605000475	hilsim-PowerEdge-T630	felix	CameraCalibration	0	0.1	8.74974e-08
SIM	1605000483	hilsim-PowerEdge-T630	felix	CameraCalibration	0	0.1	8.74974e-08
SIM	1605000495	hilsim-PowerEdge-T630	felix	CameraCalibration	0	0.1	8.74974e-08
SIM	1605000585	hilsim-PowerEdge-T630	felix	CameraCalibration	0	0.1	8.74974e-08
SIM	1605000597	hilsim-PowerEdge-T630	felix	CameraCalibration	0	0.1	8.74974e-08
SIM	1605000646	hilsim-PowerEdge-T630	felix	CameraCalibration	0	0.1	8.74974e-08
SIM	1605000657	hilsim-PowerEdge-T630	felix	CameraCalibration	0	0.1	8.74974e-08
SIM	1605000708	hilsim-PowerEdge-T630	felix	CameraCalibration	0	0.1	8.74974e-08
SIM	1605000719	hilsim-PowerEdge-T630	felix	CameraCalibration	0	0.1	8.74974e-08
SIM	1605004141	hilsim-PowerEdge-T630	felix	CameraCalibration	0	0.1	8.74974e-08
SIM	1605004155	hilsim-PowerEdge-T630	felix	CameraCalibration	0	0.1	8.74974e-08
SIM	1605004220	hilsim-PowerEdge-T630	felix	CameraCalibration	0	0.1	8.74974e-08
SIM	1605004334	hilsim-PowerEdge-T630	felix	CameraCalibration	0	0.1	8.74974e-08
SIM	1605004347	hilsim-PowerEdge-T630	felix	CameraCalibration	0	0.1	8.74974e-08
SIM	1605004357	hilsim-PowerEdge-T630	felix	CameraCalibration	0	0.1	8.74974e-08
SIM	1605004366	hilsim-PowerEdge-T630	felix	CameraCalibration	0	0.1	8.74974e-08
SIM	1605004426	hilsim-PowerEdge-T630	felix	CameraCalibration	0	0.1	8.74974e-08
SIM	1605004437	hilsim-PowerEdge-T630	felix	CameraCalibration	0	0.1	8.74974e-08
SIM	1605004510	hilsim-PowerEdge-T630	felix	CameraCalibration	0	0.1	8.74974e-08
SIM	1605004521	hilsim-PowerEdge-T630	felix	CameraCalibration	0	0.1	8.74974e-08
SIM	1605004572	hilsim-PowerEdge-T630	felix	CameraCalibration	0	0.1	8.74974e-08
SIM	1605004582	hilsim-PowerEdge-T630	felix	CameraCalibration	0	0.1	8.74974e-08
SIM	1605004633	hilsim-PowerEdge-T630	felix	CameraCalibration	0	0.1	8.74974e-08
SIM	1605004648	hilsim-PowerEdge-T630	felix	CameraCalibration	0	0.1	8.74974e-08


SYSTEM_START	-	hilsim-PowerEdge-T630	hilsim-PowerEdge-T630	2020-11-11 09:23:40


SYSTEM_INFO	Car_Generic <insert.your.version.no> #37	felix@hilsim-poweredge-t630 2020-10-29 10:18:36	(9.0 fh@obelix.ipg 2020-05-15 16:22:13)
SIM	1605083021	hilsim-PowerEdge-T630			0	0	0


SYSTEM_START	-	hilsim-PowerEdge-T630	hilsim-PowerEdge-T630	2020-11-11 09:24:41


SYSTEM_INFO	Car_Generic <insert.your.version.no> #37	felix@hilsim-poweredge-t630 2020-10-29 10:18:36	(9.0 fh@obelix.ipg 2020-05-15 16:22:13)
SIM	1605083082	hilsim-PowerEdge-T630			0	0	0
SIM	1605083084	hilsim-PowerEdge-T630	felix	Dataset_left_lane1	0	3.788	113.529
SIM	1605083109	hilsim-PowerEdge-T630	felix	Dataset_left_lane1	0	11.749	330.145
SIM	1605083138	hilsim-PowerEdge-T630	felix	Dataset_left_lane1	0	6.322	183.988
SIM	1605083155	hilsim-PowerEdge-T630	felix	Dataset_left_lane1	0	15.595	424.252
SIM	1605083237	hilsim-PowerEdge-T630	felix	Dataset_left_lane1	0	18.993	495.775
SIM	1605083460	hilsim-PowerEdge-T630	felix	Dataset_left_lane1	0	12.875	378.77
SIM	1605083542	hilsim-PowerEdge-T630	felix	Dataset_left_lane1	0	6.818	214.863


SYSTEM_START	-	hilsim-PowerEdge-T630	hilsim-PowerEdge-T630	2020-11-11 09:35:58


SYSTEM_INFO	Car_Generic <insert.your.version.no> #37	felix@hilsim-poweredge-t630 2020-10-29 10:18:36	(9.0 fh@obelix.ipg 2020-05-15 16:22:13)
SIM	1605083758	hilsim-PowerEdge-T630			0	0	0
SIM	1605083761	hilsim-PowerEdge-T630	felix	Dataset_left_lane1	0	1.473	46.7215
SIM	1605083777	hilsim-PowerEdge-T630	felix	Dataset_left_lane1	0	18.197	495.757
SIM	1605083842	hilsim-PowerEdge-T630	felix	Dataset_left_lane1	0	18.993	495.775


SYSTEM_START	-	hilsim-PowerEdge-T630	hilsim-PowerEdge-T630	2020-11-11 09:40:33


SYSTEM_INFO	Car_Generic <insert.your.version.no> #37	felix@hilsim-poweredge-t630 2020-10-29 10:18:36	(9.0 fh@obelix.ipg 2020-05-15 16:22:13)
SIM	1605084034	hilsim-PowerEdge-T630			0	0	0
SIM	1605084036	hilsim-PowerEdge-T630	felix	Dataset_left_lane1	0	0.772	32.7076
SIM	1605084049	hilsim-PowerEdge-T630	felix	Dataset_left_lane1	0	17.401	495.781
SIM	1605084127	hilsim-PowerEdge-T630	felix	Dataset_left_lane1	0	8.701	267.042
SIM	1605084179	hilsim-PowerEdge-T630	felix	Dataset_left_lane1	0	16.931	495.791
SIM	1605084332	hilsim-PowerEdge-T630	felix	Dataset_left_lane1	0	16.861	495.093
SIM	1605084463	hilsim-PowerEdge-T630	felix	Dataset_left_lane1	0	16.861	495.093
SIM	1605084517	hilsim-PowerEdge-T630	felix	Dataset_left_lane1	0	9.29	284.794
SIM	1605084620	hilsim-PowerEdge-T630	felix	Dataset_left_lane1	0	10.106	307.457
SIM	1605084699	hilsim-PowerEdge-T630	felix	Dataset_left_lane1	0	6.381	204.076


SYSTEM_START	-	hilsim-PowerEdge-T630	hilsim-PowerEdge-T630	2020-11-11 09:53:10


SYSTEM_INFO	Car_Generic <insert.your.version.no> #37	felix@hilsim-poweredge-t630 2020-10-29 10:18:36	(9.0 fh@obelix.ipg 2020-05-15 16:22:13)
SIM	1605084790	hilsim-PowerEdge-T630			0	0	0
SIM	1605084793	hilsim-PowerEdge-T630	felix	Dataset_left_lane1	0	6.887	217.31
SIM	1605084838	hilsim-PowerEdge-T630	felix	Dataset_left_lane1	0	7.365	230.485
SIM	1605085172	hilsim-PowerEdge-T630	felix	Dataset_left_lane1	0	16.422	495.785
SIM	1605085268	hilsim-PowerEdge-T630	felix	Dataset_left_lane1	0	16.422	495.785
SIM	1605085294	hilsim-PowerEdge-T630	felix	Dataset_left_lane1	0	16.422	495.785
SIM	1605085370	hilsim-PowerEdge-T630	felix	Dataset_left_lane1	0	16.422	495.785
SIM	1605085477	hilsim-PowerEdge-T630	felix	Dataset_left_lane1	0	13.309	414.771
SIM	1605085494	hilsim-PowerEdge-T630	felix	Dataset_left_lane1	0	16.422	495.785
SIM	1605085517	hilsim-PowerEdge-T630	felix	Dataset_left_lane1	0	16.422	495.785
SIM	1605085544	hilsim-PowerEdge-T630	felix	Dataset_left_lane1	0	16.042	488.975
SIM	1605085590	hilsim-PowerEdge-T630	felix	Dataset_left_lane1	0	17.318	495.773
SIM	1605085616	hilsim-PowerEdge-T630	felix	Dataset_left_lane1	0	17.099	495.784
SIM	1605085650	hilsim-PowerEdge-T630	felix	Dataset_left_lane1	0	17.105	495.627
SIM	1605085753	hilsim-PowerEdge-T630	felix	Dataset_left_lane1	0	3.973	131.261
SIM	1605085790	hilsim-PowerEdge-T630	felix	Dataset_left_lane1	0	17.086	495.616
SIM	1605085994	hilsim-PowerEdge-T630	felix	Dataset_left_lane1	0	14.422	404.435
SIM	1605086020	hilsim-PowerEdge-T630	felix	Dataset_left_lane1	0	16.391	451.406
SIM	1605086218	hilsim-PowerEdge-T630	felix	Dataset_left_lane1	0	15.472	429.581
SIM	1605086436	hilsim-PowerEdge-T630	felix	Dataset_left_lane1	0	2.608	91.1481
SIM	1605086537	hilsim-PowerEdge-T630	felix	Dataset_left_lane1	0	2.335	82.8269
SIM	1605086636	hilsim-PowerEdge-T630	felix	Dataset_left_lane1	0	3.417	115.108
SIM	1605086838	hilsim-PowerEdge-T630	felix	Dataset_left_lane1	0	1.299	49.4172
SIM	1605086847	hilsim-PowerEdge-T630	felix	Dataset_left_lane1	0	2.262	80.6065
SIM	1605086899	hilsim-PowerEdge-T630	felix	Dataset_left_lane1	0	0.629	25.2678


SYSTEM_START	-	hilsim-PowerEdge-T630	hilsim-PowerEdge-T630	2020-11-11 10:29:07


SYSTEM_INFO	Car_Generic <insert.your.version.no> #37	felix@hilsim-poweredge-t630 2020-10-29 10:18:36	(9.0 fh@obelix.ipg 2020-05-15 16:22:13)
SIM	1605086947	hilsim-PowerEdge-T630			0	0	0
SIM	1605086951	hilsim-PowerEdge-T630	felix	Dataset_left_lane1	0	5.349	169.783
SIM	1605087068	hilsim-PowerEdge-T630	felix	Dataset_left_lane1	0	2.156	77.2845
SIM	1605087263	hilsim-PowerEdge-T630	felix	Dataset_left_lane1	0	18.169	495.765
SIM	1605087324	hilsim-PowerEdge-T630	felix	Dataset_left_lane1	0	15.321	426.009
SIM	1605088639	hilsim-PowerEdge-T630	felix	Dataset_left_lane1	0	18.169	495.765
SIM	1605088710	hilsim-PowerEdge-T630	felix	Dataset_left_lane1	0	3.706	124.596
SIM	1605088721	hilsim-PowerEdge-T630	felix	Dataset_left_lane1	0	9.131	273.8
SIM	1605088740	hilsim-PowerEdge-T630	felix	Dataset_left_lane1	0	10.612	315.05
SIM	1605088767	hilsim-PowerEdge-T630	felix	Dataset_left_lane1	0	18.372	495.758


SYSTEM_START	-	hilsim-PowerEdge-T630	hilsim-PowerEdge-T630	2020-11-11 11:02:09


SYSTEM_INFO	Car_Generic <insert.your.version.no> #37	felix@hilsim-poweredge-t630 2020-10-29 10:18:36	(9.0 fh@obelix.ipg 2020-05-15 16:22:13)
SIM	1605088930	hilsim-PowerEdge-T630			0	0	0
SIM	1605088933	hilsim-PowerEdge-T630	felix	Dataset_left_lane1	0	2.306	81.934
SIM	1605089001	hilsim-PowerEdge-T630	felix	Dataset_left_lane1	0	1.377	52.0687
SIM	1605089019	hilsim-PowerEdge-T630	felix	Dataset_left_lane1	0	4.808	154.675
SIM	1605089039	hilsim-PowerEdge-T630	felix	Dataset_left_lane1	0	1.919	69.8212


SYSTEM_START	-	hilsim-PowerEdge-T630	hilsim-PowerEdge-T630	2020-11-11 11:08:11


SYSTEM_INFO	Car_Generic <insert.your.version.no> #37	felix@hilsim-poweredge-t630 2020-10-29 10:18:36	(9.0 fh@obelix.ipg 2020-05-15 16:22:13)
SIM	1605089292	hilsim-PowerEdge-T630			0	0	0


SYSTEM_START	-	hilsim-PowerEdge-T630	hilsim-PowerEdge-T630	2020-11-11 13:22:55


SYSTEM_INFO	Car_Generic <insert.your.version.no> #37	felix@hilsim-poweredge-t630 2020-10-29 10:18:36	(9.0 fh@obelix.ipg 2020-05-15 16:22:13)
SIM	1605097376	hilsim-PowerEdge-T630			0	0	0
SIM	1605097379	hilsim-PowerEdge-T630	felix	Dataset_left_lane1	0	12.899	368.02
SIM	1605097454	hilsim-PowerEdge-T630	felix	Dataset_left_lane1	0	0.839	33.134
SIM	1605097547	hilsim-PowerEdge-T630	felix	Dataset_left_lane1	0	13.093	372.731
SIM	1605098195	hilsim-PowerEdge-T630	felix	Dataset_left_lane1	0	13.573	384.326
SIM	1605098535	hilsim-PowerEdge-T630	felix	Dataset_left_lane1	0	0.883	34.7451
SIM	1605098601	hilsim-PowerEdge-T630	felix	Dataset_left_lane1	0	18.169	495.765
SIM	1605098673	hilsim-PowerEdge-T630	felix	Dataset_left_lane1	0	13.631	385.722
SIM	1605100639	hilsim-PowerEdge-T630	felix	Dataset_left_lane1	0	1.321	50.1679
SIM	1605100733	hilsim-PowerEdge-T630	felix	Dataset_left_lane1	0	1.441	54.224


SYSTEM_START	-	hilsim-PowerEdge-T630	hilsim-PowerEdge-T630	2020-11-11 14:19:36


SYSTEM_INFO	Car_Generic <insert.your.version.no> #38	felix@hilsim-poweredge-t630 2020-11-11 14:17:58	(9.0 fh@obelix.ipg 2020-05-15 16:22:13)


SYSTEM_START	-	hilsim-PowerEdge-T630	hilsim-PowerEdge-T630	2020-11-11 14:20:23


SYSTEM_INFO	Car_Generic <insert.your.version.no> #38	felix@hilsim-poweredge-t630 2020-11-11 14:17:58	(9.0 fh@obelix.ipg 2020-05-15 16:22:13)


SYSTEM_START	-	hilsim-PowerEdge-T630	hilsim-PowerEdge-T630	2020-11-11 14:23:45


SYSTEM_INFO	Car_Generic <insert.your.version.no> #39	felix@hilsim-poweredge-t630 2020-11-11 14:23:06	(9.0 fh@obelix.ipg 2020-05-15 16:22:13)
SIM	1605101025	hilsim-PowerEdge-T630			0	0	0
SIM	1605101029	hilsim-PowerEdge-T630	felix	Dataset_left_lane1	0	0.858	33.8313
SIM	1605101063	hilsim-PowerEdge-T630	felix	Dataset_left_lane1	0	0.711	28.4123
SIM	1605101732	hilsim-PowerEdge-T630	felix	Dataset_left_lane1	0	17.099	495.784


SYSTEM_START	-	hilsim-PowerEdge-T630	hilsim-PowerEdge-T630	2020-11-11 14:41:00


SYSTEM_INFO	Car_Generic <insert.your.version.no> #39	felix@hilsim-poweredge-t630 2020-11-11 14:23:06	(9.0 fh@obelix.ipg 2020-05-15 16:22:13)
SIM	1605102061	hilsim-PowerEdge-T630			0	0	0
SIM	1605102064	hilsim-PowerEdge-T630	felix	Dataset_left_lane1	0	1.079	41.8166
SIM	1605102077	hilsim-PowerEdge-T630	felix	Dataset_left_lane1	0	18.171	495.782
SIM	1605102176	hilsim-PowerEdge-T630	felix	Dataset_left_lane1	0	4.295	140.298
SIM	1605102205	hilsim-PowerEdge-T630	felix	Dataset_left_lane1	0	1.379	52.1793
SIM	1605102232	hilsim-PowerEdge-T630	felix	Dataset_left_lane1	0	17.097	495.784
SIM	1605102253	hilsim-PowerEdge-T630	felix	Dataset_left_lane1	0	4.331	141.316


SYSTEM_START	-	hilsim-PowerEdge-T630	hilsim-PowerEdge-T630	2020-11-11 15:25:08


SYSTEM_INFO	Car_Generic <insert.your.version.no> #39	felix@hilsim-poweredge-t630 2020-11-11 14:23:06	(9.0 fh@obelix.ipg 2020-05-15 16:22:13)
SIM	1605104708	hilsim-PowerEdge-T630			0	0	0
SIM	1605104713	hilsim-PowerEdge-T630	felix	Dataset_left_lane1	0	2.125	82.966
SIM	1605104729	hilsim-PowerEdge-T630	felix	Dataset_left_lane1	0	19.018	495.763
SIM	1605104770	hilsim-PowerEdge-T630	felix	Dataset_left_lane1	0	1.337	53.6807
SIM	1605104799	hilsim-PowerEdge-T630	felix	Dataset_left_lane1	0	9.258	383.502
SIM	1605104859	hilsim-PowerEdge-T630	felix	Dataset_left_lane1	0	11.963	495.801


SYSTEM_START	-	hilsim-PowerEdge-T630	hilsim-PowerEdge-T630	2020-11-11 15:34:36


SYSTEM_INFO	Car_Generic <insert.your.version.no> #39	felix@hilsim-poweredge-t630 2020-11-11 14:23:06	(9.0 fh@obelix.ipg 2020-05-15 16:22:13)
SIM	1605105277	hilsim-PowerEdge-T630			0	0	0
SIM	1605105281	hilsim-PowerEdge-T630	felix	Dataset_left_lane1	0	3.317	122.931
SIM	1605105297	hilsim-PowerEdge-T630	felix	Dataset_left_lane1	0	3.777	137.327
SIM	1605105350	hilsim-PowerEdge-T630	felix	Dataset_left_lane1	0	17.563	471.887
SIM	1605105469	hilsim-PowerEdge-T630	felix	Dataset_left_lane1	0	13.182	366.705
SIM	1605105623	hilsim-PowerEdge-T630	felix	Dataset_left_lane1	0	9.399	326.31
SIM	1605105732	hilsim-PowerEdge-T630	felix	Dataset_left_lane1	0	2.365	84.5526
SIM	1605105744	hilsim-PowerEdge-T630	felix	Dataset_left_lane1	0	7.717	269.787
SIM	1605105763	hilsim-PowerEdge-T630	felix	Dataset_left_lane1	0	10.898	376.024
SIM	1605105782	hilsim-PowerEdge-T630	felix	Dataset_left_lane1	0	14.632	495.777
SIM	1605105820	hilsim-PowerEdge-T630	felix	Dataset_left_lane1	0	9.856	341.533
SIM	1605105849	hilsim-PowerEdge-T630	felix	Dataset_left_lane1	0	11.118	383.269
SIM	1605105870	hilsim-PowerEdge-T630	felix	Dataset_left_lane1	0	3.844	136.576
SIM	1605105888	hilsim-PowerEdge-T630	felix	Dataset_left_lane1	0	5.12	180.942
SIM	1605105909	hilsim-PowerEdge-T630	felix	Dataset_left_lane1	0	3.095	110.311
SIM	1605106007	hilsim-PowerEdge-T630	felix	Dataset_left_lane1	0	5.51	194.408
SIM	1605106035	hilsim-PowerEdge-T630	felix	Dataset_left_lane1	0	8.187	285.661
SIM	1605106066	hilsim-PowerEdge-T630	felix	Dataset_left_lane1	0	5.394	190.407
SIM	1605106083	hilsim-PowerEdge-T630	felix	Dataset_left_lane1	0	11.977	411.429
SIM	1605106112	hilsim-PowerEdge-T630	felix	Dataset_left_lane1	0	11.728	418.974
SIM	1605106136	hilsim-PowerEdge-T630	felix	Dataset_left_lane1	0	11.881	432.421
SIM	1605106181	hilsim-PowerEdge-T630	felix	Dataset_left_lane1	0	12.959	467.045
SIM	1605106210	hilsim-PowerEdge-T630	felix	Dataset_left_lane1	0	9.316	335.496
SIM	1605106519	hilsim-PowerEdge-T630	felix	Dataset_left_lane2	0	11.58	417.254
SIM	1605107753	hilsim-PowerEdge-T630	felix	Dataset_middle_lane2	0	2.422	75.4744
SIM	1605107766	hilsim-PowerEdge-T630	felix	Dataset_middle_lane2	0	3.882	113.723
SIM	1605108409	hilsim-PowerEdge-T630	felix	Dataset_left_lane2	0	4.252	152.546
SIM	1605108434	hilsim-PowerEdge-T630	felix	Dataset_left_lane2	0	10.077	367.306
SIM	1605108460	hilsim-PowerEdge-T630	felix	Dataset_left_lane2	0	8.992	348.743
SIM	1605108500	hilsim-PowerEdge-T630	felix	Dataset_left_lane2	0	10.921	438.863
SIM	1605108546	hilsim-PowerEdge-T630	felix	Dataset_left_lane3	0	10.961	440.474


SYSTEM_START	-	hilsim-PowerEdge-T630	hilsim-PowerEdge-T630	2020-11-11 16:43:11


SYSTEM_INFO	Car_Generic <insert.your.version.no> #39	felix@hilsim-poweredge-t630 2020-11-11 14:23:06	(9.0 fh@obelix.ipg 2020-05-15 16:22:13)
SIM	1605109392	hilsim-PowerEdge-T630			0	0	0
SIM	1605109400	hilsim-PowerEdge-T630	felix	Dataset_left_lane3	0	0.765	30.6709
SIM	1605109442	hilsim-PowerEdge-T630	felix	Dataset_left_lane3	0	6.997	280.747
SIM	1605109664	hilsim-PowerEdge-T630	felix	Dataset_left_lane3	0	11.481	461.416
SIM	1605109707	hilsim-PowerEdge-T630	felix	Dataset_left_lane3	0	9.558	397.201
SIM	1605109835	hilsim-PowerEdge-T630	felix	Dataset_left_lane4	0	10.45	434.371
SIM	1605109857	hilsim-PowerEdge-T630	felix	Dataset_left_lane4	0	10.132	364.593
SIM	1605109877	hilsim-PowerEdge-T630	felix	Dataset_left_lane4	0	8.426	350.018
SIM	1605109893	hilsim-PowerEdge-T630	felix	Dataset_left_lane4	0	8.25	293.714
SIM	1605109950	hilsim-PowerEdge-T630	felix	Dataset_left_lane5_verification	0	13.712	458.383


SYSTEM_START	-	hilsim-PowerEdge-T630	hilsim-PowerEdge-T630	2020-11-12 12:15:28


SYSTEM_INFO	Car_Generic <insert.your.version.no> #39	felix@hilsim-poweredge-t630 2020-11-11 14:23:06	(9.0 fh@obelix.ipg 2020-05-15 16:22:13)
SIM	1605179729	hilsim-PowerEdge-T630			0	0	0
SIM	1605179732	hilsim-PowerEdge-T630	felix	Dataset_left_lane4	0	11.924	495.782
SIM	1605179928	hilsim-PowerEdge-T630	felix	Dataset_left_lane4	0	11.924	495.782
SIM	1605180108	hilsim-PowerEdge-T630	felix	Dataset_left_lane4	0	11.232	466.994
SIM	1605180845	hilsim-PowerEdge-T630	felix	Dataset_left_lane4	0	7.571	314.409
SIM	1605181005	hilsim-PowerEdge-T630	felix	Dataset_left_lane4	0	4.251	180.728
SIM	1605181063	hilsim-PowerEdge-T630	felix	Dataset_left_lane4	0	11.181	495.798
SIM	1605181198	hilsim-PowerEdge-T630	felix	Dataset_middle_lane1	0	10.602	470.11
SIM	1605182479	hilsim-PowerEdge-T630	felix	Dataset_middle_lane1	0	8.217	364.039
SIM	1605182547	hilsim-PowerEdge-T630	felix	Dataset_middle_lane1	0	9.402	416.773
SIM	1605182626	hilsim-PowerEdge-T630	felix	Dataset_middle_lane2	0	9.782	433.665
SIM	1605182945	hilsim-PowerEdge-T630	felix	Dataset_middle_lane2	0	9.102	377.044
SIM	1605182983	hilsim-PowerEdge-T630	felix	Dataset_middle_lane3	0	10.758	434.575
SIM	1605183325	hilsim-PowerEdge-T630	felix	Dataset_middle_lane3	0	5.264	232.687
SIM	1605183355	hilsim-PowerEdge-T630	felix	Dataset_middle_lane4	0	9.752	432.331
SIM	1605184266	hilsim-PowerEdge-T630	felix	Dataset_middle_lane4	0	5.249	193.637
SIM	1605184285	hilsim-PowerEdge-T630	felix	Dataset_middle_lane4	0	11.589	372.474
SIM	1605186441	hilsim-PowerEdge-T630	felix	Dataset_middle_lane5_verification	0	5.621	243.091
SIM	1605186523	hilsim-PowerEdge-T630	felix	Dataset_right_lane1	0	11.154	442.169
SIM	1605187045	hilsim-PowerEdge-T630	felix	Dataset_right_lane1	0	10.392	301.5
SIM	1605187081	hilsim-PowerEdge-T630	felix	Dataset_right_lane1	0	12.757	350.43
SIM	1605187814	hilsim-PowerEdge-T630	felix	Dataset_right_lane2	0	8.528	377.87
SIM	1605187871	hilsim-PowerEdge-T630	felix	Dataset_right_lane3	0	9.577	424.508
SIM	1605188295	hilsim-PowerEdge-T630	felix	Dataset_right_lane3	0	7.071	312.661
SIM	1605188339	hilsim-PowerEdge-T630	felix	Dataset_right_lane4	0	10.213	439.633
SIM	1605188675	hilsim-PowerEdge-T630	felix	Dataset_right_lane4	0	4.965	219.398
SIM	1605188711	hilsim-PowerEdge-T630	felix	Dataset_right_lane5_verification	0	9.322	413.172
